Vivado Simulator 2017.1
Time resolution is 1 ps
Note: 
******************************************************
  renorm_and_round_logic.vhd :
    FULL_MANT_RND1_DEL is using fast_input
    which will be faster, but create more FFs.
******************************************************
Time: 0 ps  Iteration: 0
Note: 
******************************************************
  renorm_and_round_logic.vhd :
    FULL_MANT_RND1_DEL is using fast_input
    which will be faster, but create more FFs.
******************************************************
Time: 0 ps  Iteration: 0
Note: 
******************************************************
  renorm_and_round_logic.vhd :
    FULL_MANT_RND1_DEL is using fast_input
    which will be faster, but create more FFs.
******************************************************
Time: 0 ps  Iteration: 0
Note: 
******************************************************
  renorm_and_round_logic.vhd :
    FULL_MANT_RND1_DEL is using fast_input
    which will be faster, but create more FFs.
******************************************************
Time: 0 ps  Iteration: 0
Note: 
******************************************************
  renorm_and_round_logic.vhd :
    FULL_MANT_RND1_DEL is using fast_input
    which will be faster, but create more FFs.
******************************************************
Time: 0 ps  Iteration: 0
Note: 
******************************************************
  renorm_and_round_logic.vhd :
    FULL_MANT_RND1_DEL is using fast_input
    which will be faster, but create more FFs.
******************************************************
Time: 0 ps  Iteration: 0
Note: 
******************************************************
  renorm_and_round_logic.vhd :
    FULL_MANT_RND1_DEL is using fast_input
    which will be faster, but create more FFs.
******************************************************
Time: 0 ps  Iteration: 0
Note: 
******************************************************
  renorm_and_round_logic.vhd :
    FULL_MANT_RND1_DEL is using fast_input
    which will be faster, but create more FFs.
******************************************************
Time: 0 ps  Iteration: 0
Note: 
******************************************************
  renorm_and_round_logic.vhd :
    FULL_MANT_RND1_DEL is using fast_input
    which will be faster, but create more FFs.
******************************************************
Time: 0 ps  Iteration: 0
Note: 
******************************************************
  renorm_and_round_logic.vhd :
    FULL_MANT_RND1_DEL is using fast_input
    which will be faster, but create more FFs.
******************************************************
Time: 0 ps  Iteration: 0
Note: 
******************************************************
  renorm_and_round_logic.vhd :
    FULL_MANT_RND1_DEL is using fast_input
    which will be faster, but create more FFs.
******************************************************
Time: 0 ps  Iteration: 0
Note: 
******************************************************
  renorm_and_round_logic.vhd :
    FULL_MANT_RND1_DEL is using fast_input
    which will be faster, but create more FFs.
******************************************************
Time: 0 ps  Iteration: 0
Note: 
******************************************************
  renorm_and_round_logic.vhd :
    FULL_MANT_RND1_DEL is using fast_input
    which will be faster, but create more FFs.
******************************************************
Time: 0 ps  Iteration: 0
Note: 
******************************************************
  renorm_and_round_logic.vhd :
    FULL_MANT_RND1_DEL is using fast_input
    which will be faster, but create more FFs.
******************************************************
Time: 0 ps  Iteration: 0
Note: 
******************************************************
  renorm_and_round_logic.vhd :
    FULL_MANT_RND1_DEL is using fast_input
    which will be faster, but create more FFs.
******************************************************
Time: 0 ps  Iteration: 0
Warning: OPMODE Input Warning : The OPMODE 0110X0X with CARRYINSEL  000 to DSP48E1 instance is invalid.
Time: 1006500 ps  Iteration: 3  Process: /Top_Level/LQR_Control/A11_Add_A12/U0/i_synth/addsub_op/ADDSUB/speed_op/dsp/OP/dsp48e1_body/ALIGN_ADD/DSP2/DSP/prcs_opmode_drc  File: /wrk/2017.1/nightly/2017_04_14_1846317/data/vhdl/src/unisims/primitive/DSP48E1.vhd
Warning: OPMODE Input Warning : The OPMODE 0110X0X with CARRYINSEL  000 to DSP48E1 instance is invalid.
Time: 1006500 ps  Iteration: 3  Process: /Top_Level/LQR_Control/A21_Add_A22/U0/i_synth/addsub_op/ADDSUB/speed_op/dsp/OP/dsp48e1_body/ALIGN_ADD/DSP2/DSP/prcs_opmode_drc  File: /wrk/2017.1/nightly/2017_04_14_1846317/data/vhdl/src/unisims/primitive/DSP48E1.vhd
Warning: OPMODE Input Warning : The OPMODE 0110X0X with CARRYINSEL  000 to DSP48E1 instance is invalid.
Time: 1006500 ps  Iteration: 3  Process: /Top_Level/LQR_Control/A31_Add_A32/U0/i_synth/addsub_op/ADDSUB/speed_op/dsp/OP/dsp48e1_body/ALIGN_ADD/DSP2/DSP/prcs_opmode_drc  File: /wrk/2017.1/nightly/2017_04_14_1846317/data/vhdl/src/unisims/primitive/DSP48E1.vhd
Warning: OPMODE Input Warning : The OPMODE 0110X0X with CARRYINSEL  000 to DSP48E1 instance is invalid.
Time: 1006500 ps  Iteration: 3  Process: /Top_Level/LQR_Control/Volt_FP_to_Bias/U0/i_synth/addsub_op/ADDSUB/speed_op/dsp/OP/dsp48e1_body/ALIGN_ADD/DSP2/DSP/prcs_opmode_drc  File: /wrk/2017.1/nightly/2017_04_14_1846317/data/vhdl/src/unisims/primitive/DSP48E1.vhd
Warning: OPMODE Input Warning : The OPMODE 0110X0X with CARRYINSEL  000 to DSP48E1 instance is invalid.
Time: 1024500 ps  Iteration: 3  Process: /Top_Level/LQR_Control/M13_Add_M14/U0/i_synth/addsub_op/ADDSUB/speed_op/dsp/OP/dsp48e1_body/ALIGN_ADD/DSP2/DSP/prcs_opmode_drc  File: /wrk/2017.1/nightly/2017_04_14_1846317/data/vhdl/src/unisims/primitive/DSP48E1.vhd
Warning: OPMODE Input Warning : The OPMODE 0110X0X with CARRYINSEL  000 to DSP48E1 instance is invalid.
Time: 1024500 ps  Iteration: 3  Process: /Top_Level/LQR_Control/M23_Add_M24/U0/i_synth/addsub_op/ADDSUB/speed_op/dsp/OP/dsp48e1_body/ALIGN_ADD/DSP2/DSP/prcs_opmode_drc  File: /wrk/2017.1/nightly/2017_04_14_1846317/data/vhdl/src/unisims/primitive/DSP48E1.vhd
Warning: OPMODE Input Warning : The OPMODE 0110X0X with CARRYINSEL  000 to DSP48E1 instance is invalid.
Time: 1024500 ps  Iteration: 3  Process: /Top_Level/LQR_Control/M33_Add_M34/U0/i_synth/addsub_op/ADDSUB/speed_op/dsp/OP/dsp48e1_body/ALIGN_ADD/DSP2/DSP/prcs_opmode_drc  File: /wrk/2017.1/nightly/2017_04_14_1846317/data/vhdl/src/unisims/primitive/DSP48E1.vhd
