INFO: [VRFC 10-163] Analyzing VHDL file "C:/Users/Matthew/Desktop/LQR_Vivado/LQR_Hardware/LQR_Hardware.sim/sim_1/synth/func/LQR_Controller_func_synth.vhd" into library xil_defaultlib
INFO: [VRFC 10-307] analyzing entity floating_point_Addition_axi_slave_2to1
INFO: [VRFC 10-307] analyzing entity floating_point_Addition_carry_chain
INFO: [VRFC 10-307] analyzing entity \floating_point_Addition_carry_chain__parameterized0\
INFO: [VRFC 10-307] analyzing entity \floating_point_Addition_carry_chain__parameterized1\
INFO: [VRFC 10-307] analyzing entity \floating_point_Addition_carry_chain__parameterized1_20\
INFO: [VRFC 10-307] analyzing entity \floating_point_Addition_carry_chain__parameterized2\
INFO: [VRFC 10-307] analyzing entity \floating_point_Addition_carry_chain__parameterized3\
INFO: [VRFC 10-307] analyzing entity \floating_point_Addition_carry_chain__parameterized3_9\
INFO: [VRFC 10-307] analyzing entity floating_point_Addition_dsp48e1_wrapper
INFO: [VRFC 10-307] analyzing entity \floating_point_Addition_dsp48e1_wrapper__parameterized0\
INFO: [VRFC 10-307] analyzing entity floating_point_Addition_flt_dec_op
INFO: [VRFC 10-307] analyzing entity floating_point_Addition_xbip_pipe_v3_0_3_viv
INFO: [VRFC 10-307] analyzing entity \floating_point_Addition_xbip_pipe_v3_0_3_viv__parameterized1\
INFO: [VRFC 10-307] analyzing entity \floating_point_Addition_xbip_pipe_v3_0_3_viv__parameterized11\
INFO: [VRFC 10-307] analyzing entity \floating_point_Addition_xbip_pipe_v3_0_3_viv__parameterized11_11\
INFO: [VRFC 10-307] analyzing entity \floating_point_Addition_xbip_pipe_v3_0_3_viv__parameterized11_2\
INFO: [VRFC 10-307] analyzing entity \floating_point_Addition_xbip_pipe_v3_0_3_viv__parameterized11_23\
INFO: [VRFC 10-307] analyzing entity \floating_point_Addition_xbip_pipe_v3_0_3_viv__parameterized11_25\
INFO: [VRFC 10-307] analyzing entity \floating_point_Addition_xbip_pipe_v3_0_3_viv__parameterized11_35\
INFO: [VRFC 10-307] analyzing entity \floating_point_Addition_xbip_pipe_v3_0_3_viv__parameterized11_38\
INFO: [VRFC 10-307] analyzing entity \floating_point_Addition_xbip_pipe_v3_0_3_viv__parameterized13\
INFO: [VRFC 10-307] analyzing entity \floating_point_Addition_xbip_pipe_v3_0_3_viv__parameterized13_33\
INFO: [VRFC 10-307] analyzing entity \floating_point_Addition_xbip_pipe_v3_0_3_viv__parameterized13_34\
INFO: [VRFC 10-307] analyzing entity \floating_point_Addition_xbip_pipe_v3_0_3_viv__parameterized13_36\
INFO: [VRFC 10-307] analyzing entity \floating_point_Addition_xbip_pipe_v3_0_3_viv__parameterized1_39\
INFO: [VRFC 10-307] analyzing entity \floating_point_Addition_xbip_pipe_v3_0_3_viv__parameterized23\
INFO: [VRFC 10-307] analyzing entity \floating_point_Addition_xbip_pipe_v3_0_3_viv__parameterized29\
INFO: [VRFC 10-307] analyzing entity \floating_point_Addition_xbip_pipe_v3_0_3_viv__parameterized31\
INFO: [VRFC 10-307] analyzing entity \floating_point_Addition_xbip_pipe_v3_0_3_viv__parameterized33\
INFO: [VRFC 10-307] analyzing entity \floating_point_Addition_xbip_pipe_v3_0_3_viv__parameterized35\
INFO: [VRFC 10-307] analyzing entity \floating_point_Addition_xbip_pipe_v3_0_3_viv__parameterized37\
INFO: [VRFC 10-307] analyzing entity \floating_point_Addition_xbip_pipe_v3_0_3_viv__parameterized41\
INFO: [VRFC 10-307] analyzing entity \floating_point_Addition_xbip_pipe_v3_0_3_viv__parameterized41_15\
INFO: [VRFC 10-307] analyzing entity \floating_point_Addition_xbip_pipe_v3_0_3_viv__parameterized41_16\
INFO: [VRFC 10-307] analyzing entity \floating_point_Addition_xbip_pipe_v3_0_3_viv__parameterized41_21\
INFO: [VRFC 10-307] analyzing entity \floating_point_Addition_xbip_pipe_v3_0_3_viv__parameterized41_22\
INFO: [VRFC 10-307] analyzing entity \floating_point_Addition_xbip_pipe_v3_0_3_viv__parameterized43\
INFO: [VRFC 10-307] analyzing entity \floating_point_Addition_xbip_pipe_v3_0_3_viv__parameterized43_26\
INFO: [VRFC 10-307] analyzing entity \floating_point_Addition_xbip_pipe_v3_0_3_viv__parameterized47\
INFO: [VRFC 10-307] analyzing entity \floating_point_Addition_xbip_pipe_v3_0_3_viv__parameterized47_24\
INFO: [VRFC 10-307] analyzing entity \floating_point_Addition_xbip_pipe_v3_0_3_viv__parameterized49\
INFO: [VRFC 10-307] analyzing entity \floating_point_Addition_xbip_pipe_v3_0_3_viv__parameterized5\
INFO: [VRFC 10-307] analyzing entity \floating_point_Addition_xbip_pipe_v3_0_3_viv__parameterized51\
INFO: [VRFC 10-307] analyzing entity \floating_point_Addition_xbip_pipe_v3_0_3_viv__parameterized53\
INFO: [VRFC 10-307] analyzing entity \floating_point_Addition_xbip_pipe_v3_0_3_viv__parameterized55\
INFO: [VRFC 10-307] analyzing entity \floating_point_Addition_xbip_pipe_v3_0_3_viv__parameterized57\
INFO: [VRFC 10-307] analyzing entity \floating_point_Addition_xbip_pipe_v3_0_3_viv__parameterized59\
INFO: [VRFC 10-307] analyzing entity \floating_point_Addition_xbip_pipe_v3_0_3_viv__parameterized59_12\
INFO: [VRFC 10-307] analyzing entity \floating_point_Addition_xbip_pipe_v3_0_3_viv__parameterized61\
INFO: [VRFC 10-307] analyzing entity \floating_point_Addition_xbip_pipe_v3_0_3_viv__parameterized65\
INFO: [VRFC 10-307] analyzing entity \floating_point_Addition_xbip_pipe_v3_0_3_viv__parameterized9\
INFO: [VRFC 10-307] analyzing entity \floating_point_Addition_xbip_pipe_v3_0_3_viv__parameterized9_37\
INFO: [VRFC 10-307] analyzing entity floating_point_Float32_to_Int32_axi_slave_2to1
INFO: [VRFC 10-307] analyzing entity \floating_point_Float32_to_Int32_carry_chain__parameterized0\
INFO: [VRFC 10-307] analyzing entity floating_point_Float32_to_Int32_xbip_pipe_v3_0_3_viv
INFO: [VRFC 10-307] analyzing entity \floating_point_Float32_to_Int32_xbip_pipe_v3_0_3_viv__parameterized1\
INFO: [VRFC 10-307] analyzing entity \floating_point_Float32_to_Int32_xbip_pipe_v3_0_3_viv__parameterized11\
INFO: [VRFC 10-307] analyzing entity \floating_point_Float32_to_Int32_xbip_pipe_v3_0_3_viv__parameterized11_24\
INFO: [VRFC 10-307] analyzing entity \floating_point_Float32_to_Int32_xbip_pipe_v3_0_3_viv__parameterized13\
INFO: [VRFC 10-307] analyzing entity \floating_point_Float32_to_Int32_xbip_pipe_v3_0_3_viv__parameterized15\
INFO: [VRFC 10-307] analyzing entity \floating_point_Float32_to_Int32_xbip_pipe_v3_0_3_viv__parameterized15_6\
INFO: [VRFC 10-307] analyzing entity \floating_point_Float32_to_Int32_xbip_pipe_v3_0_3_viv__parameterized1_10\
INFO: [VRFC 10-307] analyzing entity \floating_point_Float32_to_Int32_xbip_pipe_v3_0_3_viv__parameterized1_5\
INFO: [VRFC 10-307] analyzing entity \floating_point_Float32_to_Int32_xbip_pipe_v3_0_3_viv__parameterized1_7\
INFO: [VRFC 10-307] analyzing entity \floating_point_Float32_to_Int32_xbip_pipe_v3_0_3_viv__parameterized21\
INFO: [VRFC 10-307] analyzing entity \floating_point_Float32_to_Int32_xbip_pipe_v3_0_3_viv__parameterized21_13\
INFO: [VRFC 10-307] analyzing entity \floating_point_Float32_to_Int32_xbip_pipe_v3_0_3_viv__parameterized21_14\
INFO: [VRFC 10-307] analyzing entity \floating_point_Float32_to_Int32_xbip_pipe_v3_0_3_viv__parameterized23\
INFO: [VRFC 10-307] analyzing entity \floating_point_Float32_to_Int32_xbip_pipe_v3_0_3_viv__parameterized23_20\
INFO: [VRFC 10-307] analyzing entity \floating_point_Float32_to_Int32_xbip_pipe_v3_0_3_viv__parameterized25\
INFO: [VRFC 10-307] analyzing entity \floating_point_Float32_to_Int32_xbip_pipe_v3_0_3_viv__parameterized25_19\
INFO: [VRFC 10-307] analyzing entity \floating_point_Float32_to_Int32_xbip_pipe_v3_0_3_viv__parameterized27\
INFO: [VRFC 10-307] analyzing entity \floating_point_Float32_to_Int32_xbip_pipe_v3_0_3_viv__parameterized27_21\
INFO: [VRFC 10-307] analyzing entity \floating_point_Float32_to_Int32_xbip_pipe_v3_0_3_viv__parameterized27_22\
INFO: [VRFC 10-307] analyzing entity \floating_point_Float32_to_Int32_xbip_pipe_v3_0_3_viv__parameterized3\
INFO: [VRFC 10-307] analyzing entity \floating_point_Float32_to_Int32_xbip_pipe_v3_0_3_viv__parameterized31\
INFO: [VRFC 10-307] analyzing entity \floating_point_Float32_to_Int32_xbip_pipe_v3_0_3_viv__parameterized35\
INFO: [VRFC 10-307] analyzing entity \floating_point_Float32_to_Int32_xbip_pipe_v3_0_3_viv__parameterized9\
INFO: [VRFC 10-307] analyzing entity \floating_point_Float32_to_Int32_xbip_pipe_v3_0_3_viv__parameterized9_9\
INFO: [VRFC 10-307] analyzing entity floating_point_Int32_to_Float32_axi_slave_2to1
INFO: [VRFC 10-307] analyzing entity \floating_point_Int32_to_Float32_carry_chain__parameterized0\
INFO: [VRFC 10-307] analyzing entity \floating_point_Int32_to_Float32_carry_chain__parameterized0_8\
INFO: [VRFC 10-307] analyzing entity \floating_point_Int32_to_Float32_carry_chain__parameterized1\
INFO: [VRFC 10-307] analyzing entity floating_point_Int32_to_Float32_flt_dec_op
INFO: [VRFC 10-307] analyzing entity floating_point_Int32_to_Float32_xbip_pipe_v3_0_3_viv
INFO: [VRFC 10-307] analyzing entity \floating_point_Int32_to_Float32_xbip_pipe_v3_0_3_viv__parameterized11\
INFO: [VRFC 10-307] analyzing entity \floating_point_Int32_to_Float32_xbip_pipe_v3_0_3_viv__parameterized11_14\
INFO: [VRFC 10-307] analyzing entity \floating_point_Int32_to_Float32_xbip_pipe_v3_0_3_viv__parameterized11_16\
INFO: [VRFC 10-307] analyzing entity \floating_point_Int32_to_Float32_xbip_pipe_v3_0_3_viv__parameterized13\
INFO: [VRFC 10-307] analyzing entity \floating_point_Int32_to_Float32_xbip_pipe_v3_0_3_viv__parameterized15\
INFO: [VRFC 10-307] analyzing entity \floating_point_Int32_to_Float32_xbip_pipe_v3_0_3_viv__parameterized15_10\
INFO: [VRFC 10-307] analyzing entity \floating_point_Int32_to_Float32_xbip_pipe_v3_0_3_viv__parameterized15_12\
INFO: [VRFC 10-307] analyzing entity \floating_point_Int32_to_Float32_xbip_pipe_v3_0_3_viv__parameterized17\
INFO: [VRFC 10-307] analyzing entity \floating_point_Int32_to_Float32_xbip_pipe_v3_0_3_viv__parameterized19\
INFO: [VRFC 10-307] analyzing entity \floating_point_Int32_to_Float32_xbip_pipe_v3_0_3_viv__parameterized29\
INFO: [VRFC 10-307] analyzing entity \floating_point_Int32_to_Float32_xbip_pipe_v3_0_3_viv__parameterized37\
INFO: [VRFC 10-307] analyzing entity \floating_point_Int32_to_Float32_xbip_pipe_v3_0_3_viv__parameterized37_1\
INFO: [VRFC 10-307] analyzing entity \floating_point_Int32_to_Float32_xbip_pipe_v3_0_3_viv__parameterized41\
INFO: [VRFC 10-307] analyzing entity \floating_point_Int32_to_Float32_xbip_pipe_v3_0_3_viv__parameterized43\
INFO: [VRFC 10-307] analyzing entity \floating_point_Int32_to_Float32_xbip_pipe_v3_0_3_viv__parameterized5\
INFO: [VRFC 10-307] analyzing entity \floating_point_Int32_to_Float32_xbip_pipe_v3_0_3_viv__parameterized5_17\
INFO: [VRFC 10-307] analyzing entity \floating_point_Int32_to_Float32_xbip_pipe_v3_0_3_viv__parameterized5_4\
INFO: [VRFC 10-307] analyzing entity \floating_point_Int32_to_Float32_xbip_pipe_v3_0_3_viv__parameterized5_5\
INFO: [VRFC 10-307] analyzing entity \floating_point_Int32_to_Float32_xbip_pipe_v3_0_3_viv__parameterized9\
INFO: [VRFC 10-307] analyzing entity floating_point_Multiplication_axi_slave_2to1
INFO: [VRFC 10-307] analyzing entity \floating_point_Multiplication_carry_chain__parameterized0\
INFO: [VRFC 10-307] analyzing entity \floating_point_Multiplication_carry_chain__parameterized0_15\
INFO: [VRFC 10-307] analyzing entity \floating_point_Multiplication_carry_chain__parameterized1\
INFO: [VRFC 10-307] analyzing entity \floating_point_Multiplication_carry_chain__parameterized4\
INFO: [VRFC 10-307] analyzing entity \floating_point_Multiplication_delay_line__parameterized5\
INFO: [VRFC 10-307] analyzing entity floating_point_Multiplication_flt_dec_op_lat
INFO: [VRFC 10-307] analyzing entity floating_point_Multiplication_xbip_pipe_v3_0_3_viv
INFO: [VRFC 10-307] analyzing entity \floating_point_Multiplication_xbip_pipe_v3_0_3_viv__parameterized1\
INFO: [VRFC 10-307] analyzing entity \floating_point_Multiplication_xbip_pipe_v3_0_3_viv__parameterized11\
INFO: [VRFC 10-307] analyzing entity \floating_point_Multiplication_xbip_pipe_v3_0_3_viv__parameterized15\
INFO: [VRFC 10-307] analyzing entity \floating_point_Multiplication_xbip_pipe_v3_0_3_viv__parameterized15_10\
INFO: [VRFC 10-307] analyzing entity \floating_point_Multiplication_xbip_pipe_v3_0_3_viv__parameterized15_11\
INFO: [VRFC 10-307] analyzing entity \floating_point_Multiplication_xbip_pipe_v3_0_3_viv__parameterized15_16\
INFO: [VRFC 10-307] analyzing entity \floating_point_Multiplication_xbip_pipe_v3_0_3_viv__parameterized15_17\
INFO: [VRFC 10-307] analyzing entity \floating_point_Multiplication_xbip_pipe_v3_0_3_viv__parameterized17\
INFO: [VRFC 10-307] analyzing entity \floating_point_Multiplication_xbip_pipe_v3_0_3_viv__parameterized17_7\
INFO: [VRFC 10-307] analyzing entity \floating_point_Multiplication_xbip_pipe_v3_0_3_viv__parameterized21\
INFO: [VRFC 10-307] analyzing entity \floating_point_Multiplication_xbip_pipe_v3_0_3_viv__parameterized23\
INFO: [VRFC 10-307] analyzing entity \floating_point_Multiplication_xbip_pipe_v3_0_3_viv__parameterized25\
INFO: [VRFC 10-307] analyzing entity \floating_point_Multiplication_xbip_pipe_v3_0_3_viv__parameterized27\
INFO: [VRFC 10-307] analyzing entity \floating_point_Multiplication_xbip_pipe_v3_0_3_viv__parameterized3\
INFO: [VRFC 10-307] analyzing entity \floating_point_Multiplication_xbip_pipe_v3_0_3_viv__parameterized31\
INFO: [VRFC 10-307] analyzing entity \floating_point_Multiplication_xbip_pipe_v3_0_3_viv__parameterized33\
INFO: [VRFC 10-307] analyzing entity \floating_point_Multiplication_xbip_pipe_v3_0_3_viv__parameterized35\
INFO: [VRFC 10-307] analyzing entity \floating_point_Multiplication_xbip_pipe_v3_0_3_viv__parameterized37\
INFO: [VRFC 10-307] analyzing entity \floating_point_Multiplication_xbip_pipe_v3_0_3_viv__parameterized37_6\
INFO: [VRFC 10-307] analyzing entity \floating_point_Multiplication_xbip_pipe_v3_0_3_viv__parameterized3_3\
INFO: [VRFC 10-307] analyzing entity \floating_point_Multiplication_xbip_pipe_v3_0_3_viv__parameterized47\
INFO: [VRFC 10-307] analyzing entity \floating_point_Multiplication_xbip_pipe_v3_0_3_viv__parameterized47_1\
INFO: [VRFC 10-307] analyzing entity \floating_point_Multiplication_xbip_pipe_v3_0_3_viv__parameterized53\
INFO: [VRFC 10-307] analyzing entity \floating_point_Multiplication_xbip_pipe_v3_0_3_viv__parameterized55\
INFO: [VRFC 10-307] analyzing entity floating_point_Addition_compare_eq_im
INFO: [VRFC 10-307] analyzing entity \floating_point_Addition_compare_eq_im__parameterized0\
INFO: [VRFC 10-307] analyzing entity \floating_point_Addition_compare_eq_im__parameterized0_19\
INFO: [VRFC 10-307] analyzing entity floating_point_Addition_compare_gt
INFO: [VRFC 10-307] analyzing entity floating_point_Addition_delay
INFO: [VRFC 10-307] analyzing entity floating_point_Addition_delay_0
INFO: [VRFC 10-307] analyzing entity \floating_point_Addition_delay__parameterized1\
INFO: [VRFC 10-307] analyzing entity \floating_point_Addition_delay__parameterized13\
INFO: [VRFC 10-307] analyzing entity \floating_point_Addition_delay__parameterized16\
INFO: [VRFC 10-307] analyzing entity \floating_point_Addition_delay__parameterized17\
INFO: [VRFC 10-307] analyzing entity \floating_point_Addition_delay__parameterized18\
INFO: [VRFC 10-307] analyzing entity \floating_point_Addition_delay__parameterized19\
INFO: [VRFC 10-307] analyzing entity \floating_point_Addition_delay__parameterized20\
INFO: [VRFC 10-307] analyzing entity \floating_point_Addition_delay__parameterized23\
INFO: [VRFC 10-307] analyzing entity \floating_point_Addition_delay__parameterized23_13\
INFO: [VRFC 10-307] analyzing entity \floating_point_Addition_delay__parameterized23_14\
INFO: [VRFC 10-307] analyzing entity \floating_point_Addition_delay__parameterized23_17\
INFO: [VRFC 10-307] analyzing entity \floating_point_Addition_delay__parameterized23_18\
INFO: [VRFC 10-307] analyzing entity \floating_point_Addition_delay__parameterized25\
INFO: [VRFC 10-307] analyzing entity \floating_point_Addition_delay__parameterized25_4\
INFO: [VRFC 10-307] analyzing entity \floating_point_Addition_delay__parameterized27\
INFO: [VRFC 10-307] analyzing entity \floating_point_Addition_delay__parameterized27_10\
INFO: [VRFC 10-307] analyzing entity \floating_point_Addition_delay__parameterized28\
INFO: [VRFC 10-307] analyzing entity \floating_point_Addition_delay__parameterized29\
INFO: [VRFC 10-307] analyzing entity \floating_point_Addition_delay__parameterized30\
INFO: [VRFC 10-307] analyzing entity \floating_point_Addition_delay__parameterized31\
INFO: [VRFC 10-307] analyzing entity \floating_point_Addition_delay__parameterized32\
INFO: [VRFC 10-307] analyzing entity \floating_point_Addition_delay__parameterized33\
INFO: [VRFC 10-307] analyzing entity \floating_point_Addition_delay__parameterized33_7\
INFO: [VRFC 10-307] analyzing entity \floating_point_Addition_delay__parameterized34\
INFO: [VRFC 10-307] analyzing entity \floating_point_Addition_delay__parameterized36\
INFO: [VRFC 10-307] analyzing entity \floating_point_Addition_delay__parameterized5\
INFO: [VRFC 10-307] analyzing entity \floating_point_Addition_delay__parameterized5_28\
INFO: [VRFC 10-307] analyzing entity \floating_point_Addition_delay__parameterized6\
INFO: [VRFC 10-307] analyzing entity \floating_point_Addition_delay__parameterized6_1\
INFO: [VRFC 10-307] analyzing entity \floating_point_Addition_delay__parameterized6_27\
INFO: [VRFC 10-307] analyzing entity \floating_point_Addition_delay__parameterized6_3\
INFO: [VRFC 10-307] analyzing entity \floating_point_Addition_delay__parameterized6_30\
INFO: [VRFC 10-307] analyzing entity \floating_point_Addition_delay__parameterized6_5\
INFO: [VRFC 10-307] analyzing entity \floating_point_Addition_delay__parameterized6_8\
INFO: [VRFC 10-307] analyzing entity \floating_point_Addition_delay__parameterized7\
INFO: [VRFC 10-307] analyzing entity \floating_point_Addition_delay__parameterized7_29\
INFO: [VRFC 10-307] analyzing entity \floating_point_Addition_delay__parameterized7_31\
INFO: [VRFC 10-307] analyzing entity \floating_point_Addition_delay__parameterized7_32\
INFO: [VRFC 10-307] analyzing entity \floating_point_Float32_to_Int32_compare_eq_im__parameterized0\
INFO: [VRFC 10-307] analyzing entity floating_point_Float32_to_Int32_delay
INFO: [VRFC 10-307] analyzing entity floating_point_Float32_to_Int32_delay_0
INFO: [VRFC 10-307] analyzing entity floating_point_Float32_to_Int32_delay_1
INFO: [VRFC 10-307] analyzing entity floating_point_Float32_to_Int32_delay_3
INFO: [VRFC 10-307] analyzing entity \floating_point_Float32_to_Int32_delay__parameterized0\
INFO: [VRFC 10-307] analyzing entity \floating_point_Float32_to_Int32_delay__parameterized10\
INFO: [VRFC 10-307] analyzing entity \floating_point_Float32_to_Int32_delay__parameterized10_16\
INFO: [VRFC 10-307] analyzing entity \floating_point_Float32_to_Int32_delay__parameterized11\
INFO: [VRFC 10-307] analyzing entity \floating_point_Float32_to_Int32_delay__parameterized11_18\
INFO: [VRFC 10-307] analyzing entity \floating_point_Float32_to_Int32_delay__parameterized12\
INFO: [VRFC 10-307] analyzing entity \floating_point_Float32_to_Int32_delay__parameterized12_15\
INFO: [VRFC 10-307] analyzing entity \floating_point_Float32_to_Int32_delay__parameterized12_17\
INFO: [VRFC 10-307] analyzing entity \floating_point_Float32_to_Int32_delay__parameterized15\
INFO: [VRFC 10-307] analyzing entity \floating_point_Float32_to_Int32_delay__parameterized17\
INFO: [VRFC 10-307] analyzing entity \floating_point_Float32_to_Int32_delay__parameterized3\
INFO: [VRFC 10-307] analyzing entity \floating_point_Float32_to_Int32_delay__parameterized3_8\
INFO: [VRFC 10-307] analyzing entity \floating_point_Float32_to_Int32_delay__parameterized4\
INFO: [VRFC 10-307] analyzing entity \floating_point_Float32_to_Int32_delay__parameterized4_23\
INFO: [VRFC 10-307] analyzing entity \floating_point_Float32_to_Int32_delay__parameterized5\
INFO: [VRFC 10-307] analyzing entity \floating_point_Float32_to_Int32_delay__parameterized6\
INFO: [VRFC 10-307] analyzing entity \floating_point_Float32_to_Int32_delay__parameterized6_2\
INFO: [VRFC 10-307] analyzing entity \floating_point_Float32_to_Int32_delay__parameterized9\
INFO: [VRFC 10-307] analyzing entity \floating_point_Float32_to_Int32_delay__parameterized9_11\
INFO: [VRFC 10-307] analyzing entity \floating_point_Float32_to_Int32_delay__parameterized9_12\
INFO: [VRFC 10-307] analyzing entity \floating_point_Int32_to_Float32_delay__parameterized1\
INFO: [VRFC 10-307] analyzing entity \floating_point_Int32_to_Float32_delay__parameterized15\
INFO: [VRFC 10-307] analyzing entity \floating_point_Int32_to_Float32_delay__parameterized2\
INFO: [VRFC 10-307] analyzing entity \floating_point_Int32_to_Float32_delay__parameterized20\
INFO: [VRFC 10-307] analyzing entity \floating_point_Int32_to_Float32_delay__parameterized20_0\
INFO: [VRFC 10-307] analyzing entity \floating_point_Int32_to_Float32_delay__parameterized23\
INFO: [VRFC 10-307] analyzing entity \floating_point_Int32_to_Float32_delay__parameterized24\
INFO: [VRFC 10-307] analyzing entity \floating_point_Int32_to_Float32_delay__parameterized2_2\
INFO: [VRFC 10-307] analyzing entity \floating_point_Int32_to_Float32_delay__parameterized2_3\
INFO: [VRFC 10-307] analyzing entity \floating_point_Int32_to_Float32_delay__parameterized4\
INFO: [VRFC 10-307] analyzing entity \floating_point_Int32_to_Float32_delay__parameterized5\
INFO: [VRFC 10-307] analyzing entity \floating_point_Int32_to_Float32_delay__parameterized5_13\
INFO: [VRFC 10-307] analyzing entity \floating_point_Int32_to_Float32_delay__parameterized5_15\
INFO: [VRFC 10-307] analyzing entity \floating_point_Int32_to_Float32_delay__parameterized6\
INFO: [VRFC 10-307] analyzing entity \floating_point_Int32_to_Float32_delay__parameterized7\
INFO: [VRFC 10-307] analyzing entity \floating_point_Int32_to_Float32_delay__parameterized7_11\
INFO: [VRFC 10-307] analyzing entity \floating_point_Int32_to_Float32_delay__parameterized7_9\
INFO: [VRFC 10-307] analyzing entity \floating_point_Int32_to_Float32_delay__parameterized8\
INFO: [VRFC 10-307] analyzing entity \floating_point_Int32_to_Float32_delay__parameterized9\
INFO: [VRFC 10-307] analyzing entity floating_point_Int32_to_Float32_flt_round_bit
INFO: [VRFC 10-307] analyzing entity floating_point_Multiplication_compare_eq_im
INFO: [VRFC 10-307] analyzing entity floating_point_Multiplication_compare_eq_im_14
INFO: [VRFC 10-307] analyzing entity floating_point_Multiplication_delay
INFO: [VRFC 10-307] analyzing entity \floating_point_Multiplication_delay__parameterized0\
INFO: [VRFC 10-307] analyzing entity \floating_point_Multiplication_delay__parameterized0_2\
INFO: [VRFC 10-307] analyzing entity \floating_point_Multiplication_delay__parameterized10\
INFO: [VRFC 10-307] analyzing entity \floating_point_Multiplication_delay__parameterized11\
INFO: [VRFC 10-307] analyzing entity \floating_point_Multiplication_delay__parameterized12\
INFO: [VRFC 10-307] analyzing entity \floating_point_Multiplication_delay__parameterized14\
INFO: [VRFC 10-307] analyzing entity \floating_point_Multiplication_delay__parameterized16\
INFO: [VRFC 10-307] analyzing entity \floating_point_Multiplication_delay__parameterized17\
INFO: [VRFC 10-307] analyzing entity \floating_point_Multiplication_delay__parameterized18\
INFO: [VRFC 10-307] analyzing entity \floating_point_Multiplication_delay__parameterized19\
INFO: [VRFC 10-307] analyzing entity \floating_point_Multiplication_delay__parameterized19_5\
INFO: [VRFC 10-307] analyzing entity \floating_point_Multiplication_delay__parameterized24\
INFO: [VRFC 10-307] analyzing entity \floating_point_Multiplication_delay__parameterized25\
INFO: [VRFC 10-307] analyzing entity \floating_point_Multiplication_delay__parameterized25_0\
INFO: [VRFC 10-307] analyzing entity \floating_point_Multiplication_delay__parameterized29\
INFO: [VRFC 10-307] analyzing entity \floating_point_Multiplication_delay__parameterized30\
INFO: [VRFC 10-307] analyzing entity \floating_point_Multiplication_delay__parameterized4\
INFO: [VRFC 10-307] analyzing entity \floating_point_Multiplication_delay__parameterized6\
INFO: [VRFC 10-307] analyzing entity \floating_point_Multiplication_delay__parameterized6_12\
INFO: [VRFC 10-307] analyzing entity \floating_point_Multiplication_delay__parameterized6_13\
INFO: [VRFC 10-307] analyzing entity \floating_point_Multiplication_delay__parameterized6_8\
INFO: [VRFC 10-307] analyzing entity \floating_point_Multiplication_delay__parameterized6_9\
INFO: [VRFC 10-307] analyzing entity \floating_point_Multiplication_delay__parameterized7\
INFO: [VRFC 10-307] analyzing entity floating_point_Multiplication_dsp
INFO: [VRFC 10-307] analyzing entity floating_point_Multiplication_flt_round_bit
INFO: [VRFC 10-307] analyzing entity floating_point_Addition_align_add_dsp48e1_sgl
INFO: [VRFC 10-307] analyzing entity floating_point_Addition_compare
INFO: [VRFC 10-307] analyzing entity floating_point_Addition_lead_zero_encode_shift
INFO: [VRFC 10-307] analyzing entity floating_point_Addition_special_detect
INFO: [VRFC 10-307] analyzing entity floating_point_Addition_special_detect_6
INFO: [VRFC 10-307] analyzing entity \floating_point_Float32_to_Int32_carry_chain__parameterized1\
INFO: [VRFC 10-307] analyzing entity floating_point_Float32_to_Int32_delay_s
INFO: [VRFC 10-307] analyzing entity floating_point_Float32_to_Int32_delay_s_4
INFO: [VRFC 10-307] analyzing entity floating_point_Float32_to_Int32_shift_msb_first
INFO: [VRFC 10-307] analyzing entity floating_point_Float32_to_Int32_special_detect
INFO: [VRFC 10-307] analyzing entity floating_point_Float32_to_Int32_zero_det_sel
INFO: [VRFC 10-307] analyzing entity floating_point_Int32_to_Float32_carry_chain
INFO: [VRFC 10-307] analyzing entity \floating_point_Int32_to_Float32_carry_chain__parameterized2\
INFO: [VRFC 10-307] analyzing entity \floating_point_Int32_to_Float32_carry_chain__parameterized3\
INFO: [VRFC 10-307] analyzing entity floating_point_Int32_to_Float32_fix_to_flt_conv_exp
INFO: [VRFC 10-307] analyzing entity floating_point_Int32_to_Float32_mux4
INFO: [VRFC 10-307] analyzing entity floating_point_Int32_to_Float32_mux4_6
INFO: [VRFC 10-307] analyzing entity \floating_point_Int32_to_Float32_mux4__parameterized0\
INFO: [VRFC 10-307] analyzing entity \floating_point_Int32_to_Float32_mux4__parameterized0_7\
INFO: [VRFC 10-307] analyzing entity floating_point_Int32_to_Float32_norm_zero_det
INFO: [VRFC 10-307] analyzing entity floating_point_Int32_to_Float32_shift_msb_first
INFO: [VRFC 10-307] analyzing entity floating_point_Multiplication_carry_chain
INFO: [VRFC 10-307] analyzing entity \floating_point_Multiplication_carry_chain__parameterized2\
INFO: [VRFC 10-307] analyzing entity \floating_point_Multiplication_carry_chain__parameterized3\
INFO: [VRFC 10-307] analyzing entity floating_point_Multiplication_mult_gen_v12_0_12_viv
INFO: [VRFC 10-307] analyzing entity floating_point_Multiplication_special_detect
INFO: [VRFC 10-307] analyzing entity floating_point_Multiplication_special_detect_4
INFO: [VRFC 10-307] analyzing entity floating_point_Addition_flt_add_exp_sp
INFO: [VRFC 10-307] analyzing entity floating_point_Addition_norm_and_round_dsp48e1_sgl
INFO: [VRFC 10-307] analyzing entity floating_point_Float32_to_Int32_flt_to_fix_conv
INFO: [VRFC 10-307] analyzing entity floating_point_Int32_to_Float32_lead_zero_encode
INFO: [VRFC 10-307] analyzing entity floating_point_Int32_to_Float32_renorm_and_round_logic
INFO: [VRFC 10-307] analyzing entity floating_point_Multiplication_fix_mult_xx
INFO: [VRFC 10-307] analyzing entity floating_point_Multiplication_flt_mult_exp
INFO: [VRFC 10-307] analyzing entity floating_point_Multiplication_renorm_and_round_logic
INFO: [VRFC 10-307] analyzing entity floating_point_Addition_flt_add_dsp
INFO: [VRFC 10-307] analyzing entity floating_point_Float32_to_Int32_floating_point_v7_1_4_viv
INFO: [VRFC 10-307] analyzing entity floating_point_Int32_to_Float32_fix_to_flt_conv
INFO: [VRFC 10-307] analyzing entity floating_point_Multiplication_fix_mult
INFO: [VRFC 10-307] analyzing entity floating_point_Multiplication_flt_mult_round
INFO: [VRFC 10-307] analyzing entity floating_point_Float32_to_Int32_floating_point_v7_1_4
INFO: [VRFC 10-307] analyzing entity floating_point_Addition_flt_add
INFO: [VRFC 10-307] analyzing entity floating_point_Int32_to_Float32_floating_point_v7_1_4_viv
INFO: [VRFC 10-307] analyzing entity floating_point_Multiplication_flt_mult
INFO: [VRFC 10-307] analyzing entity floating_point_Float32_to_Int32
INFO: [VRFC 10-307] analyzing entity floating_point_Int32_to_Float32_floating_point_v7_1_4
INFO: [VRFC 10-307] analyzing entity floating_point_Addition_floating_point_v7_1_4_viv
INFO: [VRFC 10-307] analyzing entity floating_point_Multiplication_floating_point_v7_1_4_viv
INFO: [VRFC 10-307] analyzing entity floating_point_Int32_to_Float32
INFO: [VRFC 10-307] analyzing entity floating_point_Addition_floating_point_v7_1_4
INFO: [VRFC 10-307] analyzing entity floating_point_Multiplication_floating_point_v7_1_4
INFO: [VRFC 10-307] analyzing entity floating_point_Addition
INFO: [VRFC 10-307] analyzing entity floating_point_Multiplication
INFO: [VRFC 10-307] analyzing entity LQR_Controller
