Vivado Simulator 2017.1
Copyright 1986-1999, 2001-2016 Xilinx, Inc. All Rights Reserved.
Running: C:/Xilinx/Vivado/2017.1/bin/unwrapped/win64.o/xelab.exe -wto 7a18c6c4fb08473c9b71c5bc61409ab8 --debug typical --relax --mt 2 -L xil_defaultlib -L secureip --snapshot LQR_Controller_func_synth xil_defaultlib.LQR_Controller -log elaborate.log 
Using 2 slave threads.
Starting static elaboration
Completed static elaboration
Starting simulation data flow analysis
Completed simulation data flow analysis
Time Resolution for simulation is 1ps
Compiling package std.standard
Compiling package std.textio
Compiling package ieee.std_logic_1164
Compiling package unisim.vcomponents
Compiling package ieee.vital_timing
Compiling package ieee.vital_primitives
Compiling package unisim.vpkg
Compiling package ieee.numeric_std
Compiling package ieee.std_logic_arith
Compiling package ieee.std_logic_signed
Compiling architecture gnd_v of entity unisim.GND [gnd_default]
Compiling architecture vcc_v of entity unisim.VCC [vcc_default]
Compiling architecture lut5_v of entity unisim.LUT5 [\LUT5(init="00010000000100000001...]
Compiling architecture lut3_v of entity unisim.LUT3 [\LUT3(init="10111000")(0,7)\]
Compiling architecture fdre_v of entity unisim.FDRE [fdre_default]
Compiling architecture structure of entity xil_defaultlib.\floating_point_Addition_xbip_pipe_v3_0_3_viv__parameterized1_39\ [\floating_point_Addition_xbip_pi...]
Compiling architecture structure of entity xil_defaultlib.floating_point_Addition_delay [floating_point_addition_delay_de...]
Compiling architecture structure of entity xil_defaultlib.\floating_point_Addition_xbip_pipe_v3_0_3_viv__parameterized1\ [\floating_point_Addition_xbip_pi...]
Compiling architecture structure of entity xil_defaultlib.floating_point_Addition_delay_0 [floating_point_addition_delay_0_...]
Compiling architecture structure of entity xil_defaultlib.\floating_point_Addition_xbip_pipe_v3_0_3_viv__parameterized11_38\ [\floating_point_Addition_xbip_pi...]
Compiling architecture structure of entity xil_defaultlib.\floating_point_Addition_delay__parameterized6_27\ [\floating_point_Addition_delay__...]
Compiling architecture lut5_v of entity unisim.LUT5 [\LUT5(init="00000000000001010011...]
Compiling architecture lut4_v of entity unisim.LUT4 [\LUT4(init="0000000111110001")(0...]
Compiling architecture lut3_v of entity unisim.LUT3 [\LUT3(init="11001101")(0,7)\]
Compiling architecture dsp48e1_v of entity unisim.DSP48E1 [\DSP48E1(mask="11111111000000000...]
Compiling architecture lut4_v of entity unisim.LUT4 [\LUT4(init="1000100000001000")(0...]
Compiling architecture structure of entity xil_defaultlib.floating_point_Addition_dsp48e1_wrapper [floating_point_addition_dsp48e1_...]
Compiling architecture structure of entity xil_defaultlib.\floating_point_Addition_xbip_pipe_v3_0_3_viv__parameterized5\ [\floating_point_Addition_xbip_pi...]
Compiling architecture structure of entity xil_defaultlib.\floating_point_Addition_delay__parameterized1\ [\floating_point_Addition_delay__...]
Compiling architecture structure of entity xil_defaultlib.\floating_point_Addition_xbip_pipe_v3_0_3_viv__parameterized9_37\ [\floating_point_Addition_xbip_pi...]
Compiling architecture structure of entity xil_defaultlib.\floating_point_Addition_delay__parameterized5_28\ [\floating_point_Addition_delay__...]
Compiling architecture structure of entity xil_defaultlib.\floating_point_Addition_xbip_pipe_v3_0_3_viv__parameterized13_36\ [\floating_point_Addition_xbip_pi...]
Compiling architecture structure of entity xil_defaultlib.\floating_point_Addition_delay__parameterized7_29\ [\floating_point_Addition_delay__...]
Compiling architecture lut2_v of entity unisim.LUT2 [\LUT2(init="0010")(0,3)\]
Compiling architecture structure of entity xil_defaultlib.\floating_point_Addition_xbip_pipe_v3_0_3_viv__parameterized11_35\ [\floating_point_Addition_xbip_pi...]
Compiling architecture structure of entity xil_defaultlib.\floating_point_Addition_delay__parameterized6_30\ [\floating_point_Addition_delay__...]
Compiling architecture structure of entity xil_defaultlib.\floating_point_Addition_xbip_pipe_v3_0_3_viv__parameterized13_34\ [\floating_point_Addition_xbip_pi...]
Compiling architecture structure of entity xil_defaultlib.\floating_point_Addition_delay__parameterized7_31\ [\floating_point_Addition_delay__...]
Compiling architecture structure of entity xil_defaultlib.\floating_point_Addition_xbip_pipe_v3_0_3_viv__parameterized13_33\ [\floating_point_Addition_xbip_pi...]
Compiling architecture structure of entity xil_defaultlib.\floating_point_Addition_delay__parameterized7_32\ [\floating_point_Addition_delay__...]
Compiling architecture structure of entity xil_defaultlib.\floating_point_Addition_carry_chain__parameterized0\ [\floating_point_Addition_carry_c...]
Compiling architecture carry4_v of entity unisim.CARRY4 [carry4_default]
Compiling architecture structure of entity xil_defaultlib.floating_point_Addition_carry_chain [floating_point_addition_carry_ch...]
Compiling architecture structure of entity xil_defaultlib.floating_point_Addition_compare_eq_im [floating_point_addition_compare_...]
Compiling architecture srl16e_v of entity unisim.SRL16E [\SRL16E(0,15)\]
Compiling architecture structure of entity xil_defaultlib.\floating_point_Addition_xbip_pipe_v3_0_3_viv__parameterized23\ [\floating_point_Addition_xbip_pi...]
Compiling architecture structure of entity xil_defaultlib.\floating_point_Addition_delay__parameterized13\ [\floating_point_Addition_delay__...]
Compiling architecture lut6_v of entity unisim.LUT6 [\LUT6(init="00000000000000000000...]
Compiling architecture lut6_v of entity unisim.LUT6 [\LUT6(init="11111111111111111111...]
Compiling architecture lut4_v of entity unisim.LUT4 [\LUT4(init="1111111111101111")(0...]
Compiling architecture structure of entity xil_defaultlib.floating_point_Addition_align_add_dsp48e1_sgl [floating_point_addition_align_ad...]
Compiling architecture structure of entity xil_defaultlib.\floating_point_Addition_xbip_pipe_v3_0_3_viv__parameterized43_26\ [\floating_point_Addition_xbip_pi...]
Compiling architecture structure of entity xil_defaultlib.\floating_point_Addition_delay__parameterized25\ [\floating_point_Addition_delay__...]
Compiling architecture structure of entity xil_defaultlib.\floating_point_Addition_xbip_pipe_v3_0_3_viv__parameterized11_25\ [\floating_point_Addition_xbip_pi...]
Compiling architecture structure of entity xil_defaultlib.\floating_point_Addition_delay__parameterized6_3\ [\floating_point_Addition_delay__...]
Compiling architecture lut6_v of entity unisim.LUT6 [\LUT6(init="01010101010101010101...]
Compiling architecture lut1_v of entity unisim.LUT1 [\LUT1(init="0001")(0,3)\]
Compiling architecture lut6_v of entity unisim.LUT6 [\LUT6(init="00000010100000001010...]
Compiling architecture lut6_v of entity unisim.LUT6 [\LUT6(init="00000000000000000110...]
Compiling architecture lut6_v of entity unisim.LUT6 [\LUT6(init="00000000000000000000...]
Compiling architecture lut3_v of entity unisim.LUT3 [\LUT3(init="00011000")(0,7)\]
Compiling architecture lut6_v of entity unisim.LUT6 [\LUT6(init="00011000000000000000...]
Compiling architecture lut6_v of entity unisim.LUT6 [\LUT6(init="00000000000000000000...]
Compiling architecture lut6_v of entity unisim.LUT6 [\LUT6(init="01100000000000000000...]
Compiling architecture lut6_v of entity unisim.LUT6 [\LUT6(init="00000000000000001000...]
Compiling architecture lut6_v of entity unisim.LUT6 [\LUT6(init="10000000000000000000...]
Compiling architecture lut5_v of entity unisim.LUT5 [\LUT5(init="00000000000000000000...]
Compiling architecture lut6_v of entity unisim.LUT6 [\LUT6(init="00000000000000000000...]
Compiling architecture lut6_v of entity unisim.LUT6 [\LUT6(init="00000000000110000000...]
Compiling architecture lut6_v of entity unisim.LUT6 [\LUT6(init="00000000000100000000...]
Compiling architecture lut6_v of entity unisim.LUT6 [\LUT6(init="00000000000000000000...]
Compiling architecture lut6_v of entity unisim.LUT6 [\LUT6(init="00010000000000000000...]
Compiling architecture lut5_v of entity unisim.LUT5 [\LUT5(init="00100000000000000000...]
Compiling architecture lut6_v of entity unisim.LUT6 [\LUT6(init="00000000000000100000...]
Compiling architecture lut6_v of entity unisim.LUT6 [\LUT6(init="00000000011000000000...]
Compiling architecture lut6_v of entity unisim.LUT6 [\LUT6(init="00000100000000000000...]
Compiling architecture structure of entity xil_defaultlib.\floating_point_Addition_xbip_pipe_v3_0_3_viv__parameterized47_24\ [\floating_point_Addition_xbip_pi...]
Compiling architecture structure of entity xil_defaultlib.\floating_point_Addition_delay__parameterized27\ [\floating_point_Addition_delay__...]
Compiling architecture structure of entity xil_defaultlib.\floating_point_Addition_xbip_pipe_v3_0_3_viv__parameterized43\ [\floating_point_Addition_xbip_pi...]
Compiling architecture structure of entity xil_defaultlib.\floating_point_Addition_delay__parameterized25_4\ [\floating_point_Addition_delay__...]
Compiling architecture structure of entity xil_defaultlib.\floating_point_Addition_xbip_pipe_v3_0_3_viv__parameterized11_23\ [\floating_point_Addition_xbip_pi...]
Compiling architecture structure of entity xil_defaultlib.\floating_point_Addition_delay__parameterized6_5\ [\floating_point_Addition_delay__...]
Compiling architecture structure of entity xil_defaultlib.\floating_point_Addition_xbip_pipe_v3_0_3_viv__parameterized61\ [\floating_point_Addition_xbip_pi...]
Compiling architecture structure of entity xil_defaultlib.\floating_point_Addition_delay__parameterized34\ [\floating_point_Addition_delay__...]
Compiling architecture lut6_v of entity unisim.LUT6 [\LUT6(init="11001100000000001100...]
Compiling architecture lut6_v of entity unisim.LUT6 [\LUT6(init="11111111100100001111...]
Compiling architecture lut4_v of entity unisim.LUT4 [\LUT4(init="1000000000000000")(0...]
Compiling architecture lut4_v of entity unisim.LUT4 [\LUT4(init="1010001011110010")(0...]
Compiling architecture structure of entity xil_defaultlib.\floating_point_Addition_xbip_pipe_v3_0_3_viv__parameterized41_22\ [\floating_point_Addition_xbip_pi...]
Compiling architecture structure of entity xil_defaultlib.\floating_point_Addition_delay__parameterized23_17\ [\floating_point_Addition_delay__...]
Compiling architecture lut5_v of entity unisim.LUT5 [\LUT5(init="00000111011100000000...]
Compiling architecture lut2_v of entity unisim.LUT2 [\LUT2(init="0111")(0,3)\]
Compiling architecture structure of entity xil_defaultlib.\floating_point_Addition_xbip_pipe_v3_0_3_viv__parameterized41_21\ [\floating_point_Addition_xbip_pi...]
Compiling architecture structure of entity xil_defaultlib.\floating_point_Addition_delay__parameterized23_18\ [\floating_point_Addition_delay__...]
Compiling architecture structure of entity xil_defaultlib.\floating_point_Addition_carry_chain__parameterized1_20\ [\floating_point_Addition_carry_c...]
Compiling architecture structure of entity xil_defaultlib.\floating_point_Addition_compare_eq_im__parameterized0_19\ [\floating_point_Addition_compare...]
Compiling architecture structure of entity xil_defaultlib.floating_point_Addition_special_detect [floating_point_addition_special_...]
Compiling architecture structure of entity xil_defaultlib.\floating_point_Addition_xbip_pipe_v3_0_3_viv__parameterized41_16\ [\floating_point_Addition_xbip_pi...]
Compiling architecture structure of entity xil_defaultlib.\floating_point_Addition_delay__parameterized23_13\ [\floating_point_Addition_delay__...]
Compiling architecture lut4_v of entity unisim.LUT4 [\LUT4(init="0111011101110000")(0...]
Compiling architecture lut2_v of entity unisim.LUT2 [\LUT2(init="1000")(0,3)\]
Compiling architecture structure of entity xil_defaultlib.\floating_point_Addition_xbip_pipe_v3_0_3_viv__parameterized41_15\ [\floating_point_Addition_xbip_pi...]
Compiling architecture structure of entity xil_defaultlib.\floating_point_Addition_delay__parameterized23_14\ [\floating_point_Addition_delay__...]
Compiling architecture lut5_v of entity unisim.LUT5 [\LUT5(init="00001111111111110000...]
Compiling architecture lut4_v of entity unisim.LUT4 [\LUT4(init="1111100010001000")(0...]
Compiling architecture structure of entity xil_defaultlib.\floating_point_Addition_carry_chain__parameterized1\ [\floating_point_Addition_carry_c...]
Compiling architecture structure of entity xil_defaultlib.\floating_point_Addition_compare_eq_im__parameterized0\ [\floating_point_Addition_compare...]
Compiling architecture structure of entity xil_defaultlib.floating_point_Addition_special_detect_6 [floating_point_addition_special_...]
Compiling architecture lut5_v of entity unisim.LUT5 [\LUT5(init="10001000100010001011...]
Compiling architecture structure of entity xil_defaultlib.\floating_point_Addition_xbip_pipe_v3_0_3_viv__parameterized65\ [\floating_point_Addition_xbip_pi...]
Compiling architecture structure of entity xil_defaultlib.\floating_point_Addition_delay__parameterized36\ [\floating_point_Addition_delay__...]
Compiling architecture structure of entity xil_defaultlib.\floating_point_Addition_xbip_pipe_v3_0_3_viv__parameterized53\ [\floating_point_Addition_xbip_pi...]
Compiling architecture structure of entity xil_defaultlib.\floating_point_Addition_delay__parameterized30\ [\floating_point_Addition_delay__...]
Compiling architecture lut2_v of entity unisim.LUT2 [\LUT2(init="1001")(0,3)\]
Compiling architecture structure of entity xil_defaultlib.\floating_point_Addition_xbip_pipe_v3_0_3_viv__parameterized55\ [\floating_point_Addition_xbip_pi...]
Compiling architecture structure of entity xil_defaultlib.\floating_point_Addition_delay__parameterized31\ [\floating_point_Addition_delay__...]
Compiling architecture structure of entity xil_defaultlib.\floating_point_Addition_carry_chain__parameterized3\ [\floating_point_Addition_carry_c...]
Compiling architecture structure of entity xil_defaultlib.\floating_point_Addition_xbip_pipe_v3_0_3_viv__parameterized59_12\ [\floating_point_Addition_xbip_pi...]
Compiling architecture structure of entity xil_defaultlib.\floating_point_Addition_delay__parameterized33\ [\floating_point_Addition_delay__...]
Compiling architecture structure of entity xil_defaultlib.\floating_point_Addition_xbip_pipe_v3_0_3_viv__parameterized51\ [\floating_point_Addition_xbip_pi...]
Compiling architecture structure of entity xil_defaultlib.\floating_point_Addition_delay__parameterized29\ [\floating_point_Addition_delay__...]
Compiling architecture lut6_v of entity unisim.LUT6 [\LUT6(init="00000000000000000000...]
Compiling architecture lut6_v of entity unisim.LUT6 [\LUT6(init="00000000000000000000...]
Compiling architecture lut4_v of entity unisim.LUT4 [\LUT4(init="0111111111111111")(0...]
Compiling architecture lut4_v of entity unisim.LUT4 [\LUT4(init="1111111111111110")(0...]
Compiling architecture structure of entity xil_defaultlib.\floating_point_Addition_xbip_pipe_v3_0_3_viv__parameterized57\ [\floating_point_Addition_xbip_pi...]
Compiling architecture structure of entity xil_defaultlib.\floating_point_Addition_delay__parameterized32\ [\floating_point_Addition_delay__...]
Compiling architecture structure of entity xil_defaultlib.\floating_point_Addition_xbip_pipe_v3_0_3_viv__parameterized59\ [\floating_point_Addition_xbip_pi...]
Compiling architecture structure of entity xil_defaultlib.\floating_point_Addition_delay__parameterized33_7\ [\floating_point_Addition_delay__...]
Compiling architecture structure of entity xil_defaultlib.\floating_point_Addition_carry_chain__parameterized2\ [\floating_point_Addition_carry_c...]
Compiling architecture structure of entity xil_defaultlib.floating_point_Addition_compare_gt [floating_point_addition_compare_...]
Compiling architecture structure of entity xil_defaultlib.floating_point_Addition_compare [floating_point_addition_compare_...]
Compiling architecture structure of entity xil_defaultlib.\floating_point_Addition_xbip_pipe_v3_0_3_viv__parameterized41\ [\floating_point_Addition_xbip_pi...]
Compiling architecture structure of entity xil_defaultlib.\floating_point_Addition_delay__parameterized23\ [\floating_point_Addition_delay__...]
Compiling architecture lut4_v of entity unisim.LUT4 [\LUT4(init="1110000011110000")(0...]
Compiling architecture lut5_v of entity unisim.LUT5 [\LUT5(init="01010101010101010101...]
Compiling architecture lut2_v of entity unisim.LUT2 [\LUT2(init="0100")(0,3)\]
Compiling architecture lut5_v of entity unisim.LUT5 [\LUT5(init="11100000111000000000...]
Compiling architecture structure of entity xil_defaultlib.\floating_point_Addition_xbip_pipe_v3_0_3_viv__parameterized49\ [\floating_point_Addition_xbip_pi...]
Compiling architecture structure of entity xil_defaultlib.\floating_point_Addition_delay__parameterized28\ [\floating_point_Addition_delay__...]
Compiling architecture structure of entity xil_defaultlib.\floating_point_Addition_xbip_pipe_v3_0_3_viv__parameterized11_11\ [\floating_point_Addition_xbip_pi...]
Compiling architecture structure of entity xil_defaultlib.\floating_point_Addition_delay__parameterized6_8\ [\floating_point_Addition_delay__...]
Compiling architecture structure of entity xil_defaultlib.\floating_point_Addition_carry_chain__parameterized3_9\ [\floating_point_Addition_carry_c...]
Compiling architecture lut5_v of entity unisim.LUT5 [\LUT5(init="00000000111111110000...]
Compiling architecture lut5_v of entity unisim.LUT5 [\LUT5(init="10011001100110011001...]
Compiling architecture lut5_v of entity unisim.LUT5 [\LUT5(init="11111111000000001111...]
Compiling architecture fdre_v of entity unisim.FDRE [\FDRE(init='1')\]
Compiling architecture structure of entity xil_defaultlib.\floating_point_Addition_xbip_pipe_v3_0_3_viv__parameterized47\ [\floating_point_Addition_xbip_pi...]
Compiling architecture structure of entity xil_defaultlib.\floating_point_Addition_delay__parameterized27_10\ [\floating_point_Addition_delay__...]
Compiling architecture lut6_v of entity unisim.LUT6 [\LUT6(init="11111111111111111111...]
Compiling architecture lut6_v of entity unisim.LUT6 [\LUT6(init="11111111111111111111...]
Compiling architecture structure of entity xil_defaultlib.floating_point_Addition_flt_add_exp_sp [floating_point_addition_flt_add_...]
Compiling architecture lut4_v of entity unisim.LUT4 [\LUT4(init="1111111100001000")(0...]
Compiling architecture lut6_v of entity unisim.LUT6 [\LUT6(init="11110000111111110100...]
Compiling architecture structure of entity xil_defaultlib.\floating_point_Addition_xbip_pipe_v3_0_3_viv__parameterized31\ [\floating_point_Addition_xbip_pi...]
Compiling architecture structure of entity xil_defaultlib.\floating_point_Addition_delay__parameterized17\ [\floating_point_Addition_delay__...]
Compiling architecture lut5_v of entity unisim.LUT5 [\LUT5(init="00000000000000001111...]
Compiling architecture lut5_v of entity unisim.LUT5 [\LUT5(init="00000000000000000000...]
Compiling architecture structure of entity xil_defaultlib.\floating_point_Addition_xbip_pipe_v3_0_3_viv__parameterized11_2\ [\floating_point_Addition_xbip_pi...]
Compiling architecture structure of entity xil_defaultlib.\floating_point_Addition_delay__parameterized6_1\ [\floating_point_Addition_delay__...]
Compiling architecture lut3_v of entity unisim.LUT3 [\LUT3(init="01000000")(0,7)\]
Compiling architecture lut4_v of entity unisim.LUT4 [\LUT4(init="0000000000001000")(0...]
Compiling architecture lut3_v of entity unisim.LUT3 [\LUT3(init="00000100")(0,7)\]
Compiling architecture structure of entity xil_defaultlib.\floating_point_Addition_xbip_pipe_v3_0_3_viv__parameterized29\ [\floating_point_Addition_xbip_pi...]
Compiling architecture structure of entity xil_defaultlib.\floating_point_Addition_delay__parameterized16\ [\floating_point_Addition_delay__...]
Compiling architecture structure of entity xil_defaultlib.\floating_point_Addition_xbip_pipe_v3_0_3_viv__parameterized9\ [\floating_point_Addition_xbip_pi...]
Compiling architecture structure of entity xil_defaultlib.\floating_point_Addition_delay__parameterized5\ [\floating_point_Addition_delay__...]
Compiling architecture structure of entity xil_defaultlib.floating_point_Addition_lead_zero_encode_shift [floating_point_addition_lead_zer...]
Compiling architecture structure of entity xil_defaultlib.\floating_point_Addition_xbip_pipe_v3_0_3_viv__parameterized37\ [\floating_point_Addition_xbip_pi...]
Compiling architecture structure of entity xil_defaultlib.\floating_point_Addition_delay__parameterized20\ [\floating_point_Addition_delay__...]
Compiling architecture structure of entity xil_defaultlib.\floating_point_Addition_xbip_pipe_v3_0_3_viv__parameterized13\ [\floating_point_Addition_xbip_pi...]
Compiling architecture structure of entity xil_defaultlib.\floating_point_Addition_delay__parameterized7\ [\floating_point_Addition_delay__...]
Compiling architecture dsp48e1_v of entity unisim.DSP48E1 [\DSP48E1(acascreg=2,adreg=0,areg...]
Compiling architecture structure of entity xil_defaultlib.\floating_point_Addition_dsp48e1_wrapper__parameterized0\ [\floating_point_Addition_dsp48e1...]
Compiling architecture lut6_v of entity unisim.LUT6 [\LUT6(init="11111110010101001011...]
Compiling architecture structure of entity xil_defaultlib.\floating_point_Addition_xbip_pipe_v3_0_3_viv__parameterized35\ [\floating_point_Addition_xbip_pi...]
Compiling architecture structure of entity xil_defaultlib.\floating_point_Addition_delay__parameterized19\ [\floating_point_Addition_delay__...]
Compiling architecture structure of entity xil_defaultlib.\floating_point_Addition_xbip_pipe_v3_0_3_viv__parameterized33\ [\floating_point_Addition_xbip_pi...]
Compiling architecture structure of entity xil_defaultlib.\floating_point_Addition_delay__parameterized18\ [\floating_point_Addition_delay__...]
Compiling architecture lut5_v of entity unisim.LUT5 [\LUT5(init="11101110101000001111...]
Compiling architecture lut5_v of entity unisim.LUT5 [\LUT5(init="00010001010111110000...]
Compiling architecture structure of entity xil_defaultlib.\floating_point_Addition_xbip_pipe_v3_0_3_viv__parameterized11\ [\floating_point_Addition_xbip_pi...]
Compiling architecture structure of entity xil_defaultlib.\floating_point_Addition_delay__parameterized6\ [\floating_point_Addition_delay__...]
Compiling architecture structure of entity xil_defaultlib.floating_point_Addition_norm_and_round_dsp48e1_sgl [floating_point_addition_norm_and...]
Compiling architecture lut5_v of entity unisim.LUT5 [\LUT5(init="11101111101010101010...]
Compiling architecture structure of entity xil_defaultlib.floating_point_Addition_flt_dec_op [floating_point_addition_flt_dec_...]
Compiling architecture structure of entity xil_defaultlib.floating_point_Addition_flt_add_dsp [floating_point_addition_flt_add_...]
Compiling architecture structure of entity xil_defaultlib.floating_point_Addition_flt_add [floating_point_addition_flt_add_...]
Compiling architecture lut3_v of entity unisim.LUT3 [\LUT3(init="10100010")(0,7)\]
Compiling architecture lut3_v of entity unisim.LUT3 [\LUT3(init="01001111")(0,7)\]
Compiling architecture structure of entity xil_defaultlib.floating_point_Addition_xbip_pipe_v3_0_3_viv [floating_point_addition_xbip_pip...]
Compiling architecture lut4_v of entity unisim.LUT4 [\LUT4(init="1001000000001001")(0...]
Compiling architecture lut4_v of entity unisim.LUT4 [\LUT4(init="0011000010110010")(0...]
Compiling architecture lut3_v of entity unisim.LUT3 [\LUT3(init="00001101")(0,7)\]
Compiling architecture lut6_v of entity unisim.LUT6 [\LUT6(init="10000000100010000000...]
Compiling architecture lut6_v of entity unisim.LUT6 [\LUT6(init="11100010111011101010...]
Compiling architecture lut5_v of entity unisim.LUT5 [\LUT5(init="10001000000010001100...]
Compiling architecture lut6_v of entity unisim.LUT6 [\LUT6(init="11111111111111001111...]
Compiling architecture lut6_v of entity unisim.LUT6 [\LUT6(init="11111111111111111010...]
Compiling architecture lut5_v of entity unisim.LUT5 [\LUT5(init="00000000000000001000...]
Compiling architecture lut2_v of entity unisim.LUT2 [\LUT2(init="0110")(0,3)\]
Compiling architecture structure of entity xil_defaultlib.floating_point_Addition_axi_slave_2to1 [floating_point_addition_axi_slav...]
Compiling architecture structure of entity xil_defaultlib.floating_point_Addition_floating_point_v7_1_4_viv [floating_point_addition_floating...]
Compiling architecture structure of entity xil_defaultlib.floating_point_Addition_floating_point_v7_1_4 [floating_point_addition_floating...]
Compiling architecture structure of entity xil_defaultlib.floating_point_Addition [floating_point_addition_default]
Compiling architecture lut2_v of entity unisim.LUT2 [\LUT2(init="1110")(0,3)\]
Compiling architecture structure of entity xil_defaultlib.\floating_point_Multiplication_xbip_pipe_v3_0_3_viv__parameterized15_17\ [\floating_point_Multiplication_x...]
Compiling architecture structure of entity xil_defaultlib.\floating_point_Multiplication_delay__parameterized6_12\ [\floating_point_Multiplication_d...]
Compiling architecture lut6_v of entity unisim.LUT6 [\LUT6(init="11101100000011001010...]
Compiling architecture structure of entity xil_defaultlib.\floating_point_Multiplication_xbip_pipe_v3_0_3_viv__parameterized15_16\ [\floating_point_Multiplication_x...]
Compiling architecture structure of entity xil_defaultlib.\floating_point_Multiplication_delay__parameterized6_13\ [\floating_point_Multiplication_d...]
Compiling architecture lut6_v of entity unisim.LUT6 [\LUT6(init="00000000001100110000...]
Compiling architecture structure of entity xil_defaultlib.\floating_point_Multiplication_carry_chain__parameterized0_15\ [\floating_point_Multiplication_c...]
Compiling architecture structure of entity xil_defaultlib.floating_point_Multiplication_compare_eq_im_14 [floating_point_multiplication_co...]
Compiling architecture structure of entity xil_defaultlib.floating_point_Multiplication_special_detect [floating_point_multiplication_sp...]
Compiling architecture structure of entity xil_defaultlib.\floating_point_Multiplication_xbip_pipe_v3_0_3_viv__parameterized15_11\ [\floating_point_Multiplication_x...]
Compiling architecture structure of entity xil_defaultlib.\floating_point_Multiplication_delay__parameterized6_8\ [\floating_point_Multiplication_d...]
Compiling architecture lut6_v of entity unisim.LUT6 [\LUT6(init="01000000010001000000...]
Compiling architecture lut6_v of entity unisim.LUT6 [\LUT6(init="11111111100000001000...]
Compiling architecture structure of entity xil_defaultlib.\floating_point_Multiplication_xbip_pipe_v3_0_3_viv__parameterized15_10\ [\floating_point_Multiplication_x...]
Compiling architecture structure of entity xil_defaultlib.\floating_point_Multiplication_delay__parameterized6_9\ [\floating_point_Multiplication_d...]
Compiling architecture structure of entity xil_defaultlib.\floating_point_Multiplication_carry_chain__parameterized0\ [\floating_point_Multiplication_c...]
Compiling architecture structure of entity xil_defaultlib.floating_point_Multiplication_compare_eq_im [floating_point_multiplication_co...]
Compiling architecture structure of entity xil_defaultlib.floating_point_Multiplication_special_detect_4 [floating_point_multiplication_sp...]
Compiling architecture lut5_v of entity unisim.LUT5 [\LUT5(init="10111000100010001000...]
Compiling architecture lut2_v of entity unisim.LUT2 [\LUT2(init="0001")(0,3)\]
Compiling architecture lut4_v of entity unisim.LUT4 [\LUT4(init="0000000001000000")(0...]
Compiling architecture lut6_v of entity unisim.LUT6 [\LUT6(init="10000000000000000000...]
Compiling architecture lut4_v of entity unisim.LUT4 [\LUT4(init="0000010000000000")(0...]
Compiling architecture structure of entity xil_defaultlib.\floating_point_Multiplication_xbip_pipe_v3_0_3_viv__parameterized11\ [\floating_point_Multiplication_x...]
Compiling architecture structure of entity xil_defaultlib.\floating_point_Multiplication_delay__parameterized4\ [\floating_point_Multiplication_d...]
Compiling architecture structure of entity xil_defaultlib.floating_point_Multiplication_carry_chain [floating_point_multiplication_ca...]
Compiling architecture structure of entity xil_defaultlib.\floating_point_Multiplication_xbip_pipe_v3_0_3_viv__parameterized15\ [\floating_point_Multiplication_x...]
Compiling architecture structure of entity xil_defaultlib.\floating_point_Multiplication_delay__parameterized6\ [\floating_point_Multiplication_d...]
Compiling architecture structure of entity xil_defaultlib.\floating_point_Multiplication_xbip_pipe_v3_0_3_viv__parameterized35\ [\floating_point_Multiplication_x...]
Compiling architecture structure of entity xil_defaultlib.\floating_point_Multiplication_delay__parameterized18\ [\floating_point_Multiplication_d...]
Compiling architecture structure of entity xil_defaultlib.\floating_point_Multiplication_xbip_pipe_v3_0_3_viv__parameterized25\ [\floating_point_Multiplication_x...]
Compiling architecture structure of entity xil_defaultlib.\floating_point_Multiplication_delay__parameterized12\ [\floating_point_Multiplication_d...]
Compiling architecture structure of entity xil_defaultlib.\floating_point_Multiplication_xbip_pipe_v3_0_3_viv__parameterized23\ [\floating_point_Multiplication_x...]
Compiling architecture structure of entity xil_defaultlib.\floating_point_Multiplication_delay__parameterized11\ [\floating_point_Multiplication_d...]
Compiling architecture structure of entity xil_defaultlib.\floating_point_Multiplication_xbip_pipe_v3_0_3_viv__parameterized17_7\ [\floating_point_Multiplication_x...]
Compiling architecture structure of entity xil_defaultlib.\floating_point_Multiplication_delay__parameterized7\ [\floating_point_Multiplication_d...]
Compiling architecture structure of entity xil_defaultlib.\floating_point_Multiplication_xbip_pipe_v3_0_3_viv__parameterized31\ [\floating_point_Multiplication_x...]
Compiling architecture structure of entity xil_defaultlib.\floating_point_Multiplication_delay__parameterized16\ [\floating_point_Multiplication_d...]
Compiling architecture lut5_v of entity unisim.LUT5 [\LUT5(init="00000000000000001111...]
Compiling architecture lut6_v of entity unisim.LUT6 [\LUT6(init="11111111111111111111...]
Compiling architecture lut6_v of entity unisim.LUT6 [\LUT6(init="10111011101110111011...]
Compiling architecture lut3_v of entity unisim.LUT3 [\LUT3(init="11111110")(0,7)\]
Compiling architecture lut5_v of entity unisim.LUT5 [\LUT5(init="01010101010100010000...]
Compiling architecture structure of entity xil_defaultlib.\floating_point_Multiplication_xbip_pipe_v3_0_3_viv__parameterized27\ [\floating_point_Multiplication_x...]
Compiling architecture structure of entity xil_defaultlib.\floating_point_Multiplication_delay__parameterized14\ [\floating_point_Multiplication_d...]
Compiling architecture lut5_v of entity unisim.LUT5 [\LUT5(init="00110000111111000011...]
Compiling architecture lut4_v of entity unisim.LUT4 [\LUT4(init="1111110010101100")(0...]
Compiling architecture structure of entity xil_defaultlib.\floating_point_Multiplication_xbip_pipe_v3_0_3_viv__parameterized37_6\ [\floating_point_Multiplication_x...]
Compiling architecture structure of entity xil_defaultlib.\floating_point_Multiplication_delay__parameterized19_5\ [\floating_point_Multiplication_d...]
Compiling architecture structure of entity xil_defaultlib.\floating_point_Multiplication_xbip_pipe_v3_0_3_viv__parameterized21\ [\floating_point_Multiplication_x...]
Compiling architecture structure of entity xil_defaultlib.\floating_point_Multiplication_delay__parameterized10\ [\floating_point_Multiplication_d...]
Compiling architecture lut1_v of entity unisim.LUT1 [\LUT1(init="0010")(0,3)\]
Compiling architecture lut4_v of entity unisim.LUT4 [\LUT4(init="0000000000100110")(0...]
Compiling architecture lut3_v of entity unisim.LUT3 [\LUT3(init="00000110")(0,7)\]
Compiling architecture structure of entity xil_defaultlib.\floating_point_Multiplication_xbip_pipe_v3_0_3_viv__parameterized33\ [\floating_point_Multiplication_x...]
Compiling architecture structure of entity xil_defaultlib.\floating_point_Multiplication_delay__parameterized17\ [\floating_point_Multiplication_d...]
Compiling architecture lut3_v of entity unisim.LUT3 [\LUT3(init="00100110")(0,7)\]
Compiling architecture lut4_v of entity unisim.LUT4 [\LUT4(init="0000000000000010")(0...]
Compiling architecture lut3_v of entity unisim.LUT3 [\LUT3(init="00000010")(0,7)\]
Compiling architecture lut3_v of entity unisim.LUT3 [\LUT3(init="01010100")(0,7)\]
Compiling architecture structure of entity xil_defaultlib.floating_point_Multiplication_flt_mult_exp [floating_point_multiplication_fl...]
Compiling architecture dsp48e1_v of entity unisim.DSP48E1 [\DSP48E1(alumodereg=0,carryinreg...]
Compiling architecture dsp48e1_v of entity unisim.DSP48E1 [\DSP48E1(a_input="CASCADE",bcasc...]
Compiling architecture structure of entity xil_defaultlib.\floating_point_Multiplication_delay_line__parameterized5\ [\floating_point_Multiplication_d...]
Compiling architecture structure of entity xil_defaultlib.floating_point_Multiplication_dsp [floating_point_multiplication_ds...]
Compiling architecture structure of entity xil_defaultlib.floating_point_Multiplication_mult_gen_v12_0_12_viv [floating_point_multiplication_mu...]
Compiling architecture lut4_v of entity unisim.LUT4 [\LUT4(init="1111111110111111")(0...]
Compiling architecture lut6_v of entity unisim.LUT6 [\LUT6(init="00001111000011000000...]
Compiling architecture structure of entity xil_defaultlib.\floating_point_Multiplication_xbip_pipe_v3_0_3_viv__parameterized1\ [\floating_point_Multiplication_x...]
Compiling architecture structure of entity xil_defaultlib.floating_point_Multiplication_delay [floating_point_multiplication_de...]
Compiling architecture structure of entity xil_defaultlib.\floating_point_Multiplication_xbip_pipe_v3_0_3_viv__parameterized3_3\ [\floating_point_Multiplication_x...]
Compiling architecture structure of entity xil_defaultlib.\floating_point_Multiplication_delay__parameterized0_2\ [\floating_point_Multiplication_d...]
Compiling architecture structure of entity xil_defaultlib.floating_point_Multiplication_fix_mult_xx [floating_point_multiplication_fi...]
Compiling architecture structure of entity xil_defaultlib.floating_point_Multiplication_fix_mult [floating_point_multiplication_fi...]
Compiling architecture lut3_v of entity unisim.LUT3 [\LUT3(init="11101010")(0,7)\]
Compiling architecture structure of entity xil_defaultlib.floating_point_Multiplication_flt_dec_op_lat [floating_point_multiplication_fl...]
Compiling architecture structure of entity xil_defaultlib.\floating_point_Multiplication_carry_chain__parameterized4\ [\floating_point_Multiplication_c...]
Compiling architecture structure of entity xil_defaultlib.\floating_point_Multiplication_xbip_pipe_v3_0_3_viv__parameterized17\ [\floating_point_Multiplication_x...]
Compiling architecture structure of entity xil_defaultlib.\floating_point_Multiplication_delay__parameterized24\ [\floating_point_Multiplication_d...]
Compiling architecture structure of entity xil_defaultlib.\floating_point_Multiplication_xbip_pipe_v3_0_3_viv__parameterized47_1\ [\floating_point_Multiplication_x...]
Compiling architecture structure of entity xil_defaultlib.\floating_point_Multiplication_delay__parameterized25\ [\floating_point_Multiplication_d...]
Compiling architecture structure of entity xil_defaultlib.\floating_point_Multiplication_xbip_pipe_v3_0_3_viv__parameterized47\ [\floating_point_Multiplication_x...]
Compiling architecture structure of entity xil_defaultlib.\floating_point_Multiplication_delay__parameterized25_0\ [\floating_point_Multiplication_d...]
Compiling architecture structure of entity xil_defaultlib.\floating_point_Multiplication_xbip_pipe_v3_0_3_viv__parameterized53\ [\floating_point_Multiplication_x...]
Compiling architecture structure of entity xil_defaultlib.\floating_point_Multiplication_delay__parameterized29\ [\floating_point_Multiplication_d...]
Compiling architecture structure of entity xil_defaultlib.\floating_point_Multiplication_carry_chain__parameterized2\ [\floating_point_Multiplication_c...]
Compiling architecture structure of entity xil_defaultlib.\floating_point_Multiplication_xbip_pipe_v3_0_3_viv__parameterized55\ [\floating_point_Multiplication_x...]
Compiling architecture structure of entity xil_defaultlib.\floating_point_Multiplication_delay__parameterized30\ [\floating_point_Multiplication_d...]
Compiling architecture structure of entity xil_defaultlib.\floating_point_Multiplication_carry_chain__parameterized3\ [\floating_point_Multiplication_c...]
Compiling architecture structure of entity xil_defaultlib.\floating_point_Multiplication_xbip_pipe_v3_0_3_viv__parameterized37\ [\floating_point_Multiplication_x...]
Compiling architecture structure of entity xil_defaultlib.\floating_point_Multiplication_delay__parameterized19\ [\floating_point_Multiplication_d...]
Compiling architecture structure of entity xil_defaultlib.\floating_point_Multiplication_xbip_pipe_v3_0_3_viv__parameterized3\ [\floating_point_Multiplication_x...]
Compiling architecture structure of entity xil_defaultlib.\floating_point_Multiplication_delay__parameterized0\ [\floating_point_Multiplication_d...]
Compiling architecture structure of entity xil_defaultlib.\floating_point_Multiplication_carry_chain__parameterized1\ [\floating_point_Multiplication_c...]
Compiling architecture structure of entity xil_defaultlib.floating_point_Multiplication_flt_round_bit [floating_point_multiplication_fl...]
Compiling architecture structure of entity xil_defaultlib.floating_point_Multiplication_renorm_and_round_logic [floating_point_multiplication_re...]
Compiling architecture structure of entity xil_defaultlib.floating_point_Multiplication_flt_mult_round [floating_point_multiplication_fl...]
Compiling architecture structure of entity xil_defaultlib.floating_point_Multiplication_flt_mult [floating_point_multiplication_fl...]
Compiling architecture structure of entity xil_defaultlib.floating_point_Multiplication_xbip_pipe_v3_0_3_viv [floating_point_multiplication_xb...]
Compiling architecture lut3_v of entity unisim.LUT3 [\LUT3(init="01000101")(0,7)\]
Compiling architecture lut6_v of entity unisim.LUT6 [\LUT6(init="00001000100010000000...]
Compiling architecture lut6_v of entity unisim.LUT6 [\LUT6(init="00001111111111111111...]
Compiling architecture lut3_v of entity unisim.LUT3 [\LUT3(init="10101100")(0,7)\]
Compiling architecture lut4_v of entity unisim.LUT4 [\LUT4(init="1000000010101010")(0...]
Compiling architecture lut6_v of entity unisim.LUT6 [\LUT6(init="11111101111111000101...]
Compiling architecture structure of entity xil_defaultlib.floating_point_Multiplication_axi_slave_2to1 [floating_point_multiplication_ax...]
Compiling architecture structure of entity xil_defaultlib.floating_point_Multiplication_floating_point_v7_1_4_viv [floating_point_multiplication_fl...]
Compiling architecture structure of entity xil_defaultlib.floating_point_Multiplication_floating_point_v7_1_4 [floating_point_multiplication_fl...]
Compiling architecture structure of entity xil_defaultlib.floating_point_Multiplication [floating_point_multiplication_de...]
Compiling architecture lut3_v of entity unisim.LUT3 [\LUT3(init="00001001")(0,7)\]
Compiling architecture lut4_v of entity unisim.LUT4 [\LUT4(init="0000110100000010")(0...]
Compiling architecture lut5_v of entity unisim.LUT5 [\LUT5(init="00000000101111110000...]
Compiling architecture lut6_v of entity unisim.LUT6 [\LUT6(init="00000000000000001111...]
Compiling architecture lut3_v of entity unisim.LUT3 [\LUT3(init="10011010")(0,7)\]
Compiling architecture lut4_v of entity unisim.LUT4 [\LUT4(init="0000011100001000")(0...]
Compiling architecture lut4_v of entity unisim.LUT4 [\LUT4(init="0000011100000000")(0...]
Compiling architecture lut5_v of entity unisim.LUT5 [\LUT5(init="00000000011111110000...]
Compiling architecture lut6_v of entity unisim.LUT6 [\LUT6(init="00000000000000000000...]
Compiling architecture structure of entity xil_defaultlib.\floating_point_Int32_to_Float32_xbip_pipe_v3_0_3_viv__parameterized29\ [\floating_point_Int32_to_Float32...]
Compiling architecture structure of entity xil_defaultlib.\floating_point_Int32_to_Float32_delay__parameterized15\ [\floating_point_Int32_to_Float32...]
Compiling architecture lut4_v of entity unisim.LUT4 [\LUT4(init="0101110000001100")(0...]
Compiling architecture structure of entity xil_defaultlib.\floating_point_Int32_to_Float32_xbip_pipe_v3_0_3_viv__parameterized43\ [\floating_point_Int32_to_Float32...]
Compiling architecture structure of entity xil_defaultlib.\floating_point_Int32_to_Float32_delay__parameterized24\ [\floating_point_Int32_to_Float32...]
Compiling architecture structure of entity xil_defaultlib.\floating_point_Int32_to_Float32_xbip_pipe_v3_0_3_viv__parameterized41\ [\floating_point_Int32_to_Float32...]
Compiling architecture structure of entity xil_defaultlib.\floating_point_Int32_to_Float32_delay__parameterized23\ [\floating_point_Int32_to_Float32...]
Compiling architecture structure of entity xil_defaultlib.floating_point_Int32_to_Float32_fix_to_flt_conv_exp [floating_point_int32_to_float32_...]
Compiling architecture structure of entity xil_defaultlib.\floating_point_Int32_to_Float32_xbip_pipe_v3_0_3_viv__parameterized5_17\ [\floating_point_Int32_to_Float32...]
Compiling architecture structure of entity xil_defaultlib.\floating_point_Int32_to_Float32_delay__parameterized1\ [\floating_point_Int32_to_Float32...]
Compiling architecture structure of entity xil_defaultlib.floating_point_Int32_to_Float32_carry_chain [floating_point_int32_to_float32_...]
Compiling architecture lut5_v of entity unisim.LUT5 [\LUT5(init="00001000000000001111...]
Compiling architecture lut5_v of entity unisim.LUT5 [\LUT5(init="00001000000000000000...]
Compiling architecture lut5_v of entity unisim.LUT5 [\LUT5(init="11110111111111111111...]
Compiling architecture structure of entity xil_defaultlib.\floating_point_Int32_to_Float32_xbip_pipe_v3_0_3_viv__parameterized13\ [\floating_point_Int32_to_Float32...]
Compiling architecture structure of entity xil_defaultlib.\floating_point_Int32_to_Float32_delay__parameterized6\ [\floating_point_Int32_to_Float32...]
Compiling architecture lut5_v of entity unisim.LUT5 [\LUT5(init="10111000111111111011...]
Compiling architecture structure of entity xil_defaultlib.\floating_point_Int32_to_Float32_xbip_pipe_v3_0_3_viv__parameterized11_16\ [\floating_point_Int32_to_Float32...]
Compiling architecture structure of entity xil_defaultlib.\floating_point_Int32_to_Float32_delay__parameterized5_15\ [\floating_point_Int32_to_Float32...]
Compiling architecture structure of entity xil_defaultlib.floating_point_Int32_to_Float32_mux4 [floating_point_int32_to_float32_...]
Compiling architecture lut3_v of entity unisim.LUT3 [\LUT3(init="10000000")(0,7)\]
Compiling architecture structure of entity xil_defaultlib.\floating_point_Int32_to_Float32_xbip_pipe_v3_0_3_viv__parameterized11_14\ [\floating_point_Int32_to_Float32...]
Compiling architecture structure of entity xil_defaultlib.\floating_point_Int32_to_Float32_delay__parameterized5_13\ [\floating_point_Int32_to_Float32...]
Compiling architecture structure of entity xil_defaultlib.floating_point_Int32_to_Float32_mux4_6 [floating_point_int32_to_float32_...]
Compiling architecture lut3_v of entity unisim.LUT3 [\LUT3(init="00101101")(0,7)\]
Compiling architecture lut4_v of entity unisim.LUT4 [\LUT4(init="0010000011011111")(0...]
Compiling architecture structure of entity xil_defaultlib.\floating_point_Int32_to_Float32_xbip_pipe_v3_0_3_viv__parameterized17\ [\floating_point_Int32_to_Float32...]
Compiling architecture structure of entity xil_defaultlib.\floating_point_Int32_to_Float32_delay__parameterized8\ [\floating_point_Int32_to_Float32...]
Compiling architecture structure of entity xil_defaultlib.\floating_point_Int32_to_Float32_xbip_pipe_v3_0_3_viv__parameterized15_12\ [\floating_point_Int32_to_Float32...]
Compiling architecture structure of entity xil_defaultlib.\floating_point_Int32_to_Float32_delay__parameterized7_11\ [\floating_point_Int32_to_Float32...]
Compiling architecture structure of entity xil_defaultlib.\floating_point_Int32_to_Float32_mux4__parameterized0\ [\floating_point_Int32_to_Float32...]
Compiling architecture structure of entity xil_defaultlib.\floating_point_Int32_to_Float32_xbip_pipe_v3_0_3_viv__parameterized15_10\ [\floating_point_Int32_to_Float32...]
Compiling architecture structure of entity xil_defaultlib.\floating_point_Int32_to_Float32_delay__parameterized7_9\ [\floating_point_Int32_to_Float32...]
Compiling architecture structure of entity xil_defaultlib.\floating_point_Int32_to_Float32_mux4__parameterized0_7\ [\floating_point_Int32_to_Float32...]
Compiling architecture lut5_v of entity unisim.LUT5 [\LUT5(init="10111010101111111000...]
Compiling architecture lut3_v of entity unisim.LUT3 [\LUT3(init="10101000")(0,7)\]
Compiling architecture structure of entity xil_defaultlib.\floating_point_Int32_to_Float32_carry_chain__parameterized0\ [\floating_point_Int32_to_Float32...]
Compiling architecture structure of entity xil_defaultlib.\floating_point_Int32_to_Float32_carry_chain__parameterized0_8\ [\floating_point_Int32_to_Float32...]
Compiling architecture structure of entity xil_defaultlib.floating_point_Int32_to_Float32_lead_zero_encode [floating_point_int32_to_float32_...]
Compiling architecture structure of entity xil_defaultlib.\floating_point_Int32_to_Float32_xbip_pipe_v3_0_3_viv__parameterized9\ [\floating_point_Int32_to_Float32...]
Compiling architecture structure of entity xil_defaultlib.\floating_point_Int32_to_Float32_delay__parameterized4\ [\floating_point_Int32_to_Float32...]
Compiling architecture lut5_v of entity unisim.LUT5 [\LUT5(init="11101110111100001111...]
Compiling architecture lut6_v of entity unisim.LUT6 [\LUT6(init="11111111111111111011...]
Compiling architecture structure of entity xil_defaultlib.\floating_point_Int32_to_Float32_xbip_pipe_v3_0_3_viv__parameterized11\ [\floating_point_Int32_to_Float32...]
Compiling architecture structure of entity xil_defaultlib.\floating_point_Int32_to_Float32_delay__parameterized5\ [\floating_point_Int32_to_Float32...]
Compiling architecture structure of entity xil_defaultlib.\floating_point_Int32_to_Float32_xbip_pipe_v3_0_3_viv__parameterized15\ [\floating_point_Int32_to_Float32...]
Compiling architecture structure of entity xil_defaultlib.\floating_point_Int32_to_Float32_delay__parameterized7\ [\floating_point_Int32_to_Float32...]
Compiling architecture structure of entity xil_defaultlib.\floating_point_Int32_to_Float32_xbip_pipe_v3_0_3_viv__parameterized19\ [\floating_point_Int32_to_Float32...]
Compiling architecture structure of entity xil_defaultlib.\floating_point_Int32_to_Float32_delay__parameterized9\ [\floating_point_Int32_to_Float32...]
Compiling architecture structure of entity xil_defaultlib.floating_point_Int32_to_Float32_norm_zero_det [floating_point_int32_to_float32_...]
Compiling architecture lut6_v of entity unisim.LUT6 [\LUT6(init="11111111110011001010...]
Compiling architecture structure of entity xil_defaultlib.\floating_point_Int32_to_Float32_xbip_pipe_v3_0_3_viv__parameterized5_5\ [\floating_point_Int32_to_Float32...]
Compiling architecture structure of entity xil_defaultlib.\floating_point_Int32_to_Float32_delay__parameterized2_2\ [\floating_point_Int32_to_Float32...]
Compiling architecture lut3_v of entity unisim.LUT3 [\LUT3(init="11111101")(0,7)\]
Compiling architecture lut5_v of entity unisim.LUT5 [\LUT5(init="00010001010100011111...]
Compiling architecture structure of entity xil_defaultlib.\floating_point_Int32_to_Float32_xbip_pipe_v3_0_3_viv__parameterized5_4\ [\floating_point_Int32_to_Float32...]
Compiling architecture structure of entity xil_defaultlib.\floating_point_Int32_to_Float32_delay__parameterized2_3\ [\floating_point_Int32_to_Float32...]
Compiling architecture structure of entity xil_defaultlib.floating_point_Int32_to_Float32_shift_msb_first [floating_point_int32_to_float32_...]
Compiling architecture structure of entity xil_defaultlib.floating_point_Int32_to_Float32_flt_dec_op [floating_point_int32_to_float32_...]
Compiling architecture structure of entity xil_defaultlib.\floating_point_Int32_to_Float32_xbip_pipe_v3_0_3_viv__parameterized37_1\ [\floating_point_Int32_to_Float32...]
Compiling architecture structure of entity xil_defaultlib.\floating_point_Int32_to_Float32_delay__parameterized20_0\ [\floating_point_Int32_to_Float32...]
Compiling architecture structure of entity xil_defaultlib.\floating_point_Int32_to_Float32_carry_chain__parameterized2\ [\floating_point_Int32_to_Float32...]
Compiling architecture structure of entity xil_defaultlib.\floating_point_Int32_to_Float32_xbip_pipe_v3_0_3_viv__parameterized37\ [\floating_point_Int32_to_Float32...]
Compiling architecture structure of entity xil_defaultlib.\floating_point_Int32_to_Float32_delay__parameterized20\ [\floating_point_Int32_to_Float32...]
Compiling architecture structure of entity xil_defaultlib.\floating_point_Int32_to_Float32_carry_chain__parameterized3\ [\floating_point_Int32_to_Float32...]
Compiling architecture structure of entity xil_defaultlib.\floating_point_Int32_to_Float32_carry_chain__parameterized1\ [\floating_point_Int32_to_Float32...]
Compiling architecture structure of entity xil_defaultlib.floating_point_Int32_to_Float32_flt_round_bit [floating_point_int32_to_float32_...]
Compiling architecture structure of entity xil_defaultlib.floating_point_Int32_to_Float32_renorm_and_round_logic [floating_point_int32_to_float32_...]
Compiling architecture lut6_v of entity unisim.LUT6 [\LUT6(init="00111010001111110000...]
Compiling architecture lut6_v of entity unisim.LUT6 [\LUT6(init="10101111101000001100...]
Compiling architecture structure of entity xil_defaultlib.\floating_point_Int32_to_Float32_xbip_pipe_v3_0_3_viv__parameterized5\ [\floating_point_Int32_to_Float32...]
Compiling architecture structure of entity xil_defaultlib.\floating_point_Int32_to_Float32_delay__parameterized2\ [\floating_point_Int32_to_Float32...]
Compiling architecture structure of entity xil_defaultlib.floating_point_Int32_to_Float32_fix_to_flt_conv [floating_point_int32_to_float32_...]
Compiling architecture structure of entity xil_defaultlib.floating_point_Int32_to_Float32_xbip_pipe_v3_0_3_viv [floating_point_int32_to_float32_...]
Compiling architecture lut6_v of entity unisim.LUT6 [\LUT6(init="11000100110101010000...]
Compiling architecture lut3_v of entity unisim.LUT3 [\LUT3(init="11010101")(0,7)\]
Compiling architecture lut5_v of entity unisim.LUT5 [\LUT5(init="00111111111111110010...]
Compiling architecture structure of entity xil_defaultlib.floating_point_Int32_to_Float32_axi_slave_2to1 [floating_point_int32_to_float32_...]
Compiling architecture structure of entity xil_defaultlib.floating_point_Int32_to_Float32_floating_point_v7_1_4_viv [floating_point_int32_to_float32_...]
Compiling architecture structure of entity xil_defaultlib.floating_point_Int32_to_Float32_floating_point_v7_1_4 [floating_point_int32_to_float32_...]
Compiling architecture structure of entity xil_defaultlib.floating_point_Int32_to_Float32 [floating_point_int32_to_float32_...]
Compiling architecture ibuf_v of entity unisim.IBUF [\IBUF(1,9,1,1,1,4,1,7)\]
Compiling architecture lut6_v of entity unisim.LUT6 [\LUT6(init="11111111111111011111...]
Compiling architecture lut5_v of entity unisim.LUT5 [\LUT5(init="00000011000010100011...]
Compiling architecture lut4_v of entity unisim.LUT4 [\LUT4(init="0000000011111110")(0...]
Compiling architecture structure of entity xil_defaultlib.\floating_point_Float32_to_Int32_xbip_pipe_v3_0_3_viv__parameterized11_24\ [\floating_point_Float32_to_Int32...]
Compiling architecture structure of entity xil_defaultlib.\floating_point_Float32_to_Int32_delay__parameterized4_23\ [\floating_point_Float32_to_Int32...]
Compiling architecture structure of entity xil_defaultlib.floating_point_Float32_to_Int32_delay_s [floating_point_float32_to_int32_...]
Compiling architecture lut4_v of entity unisim.LUT4 [\LUT4(init="1111101011001010")(0...]
Compiling architecture structure of entity xil_defaultlib.\floating_point_Float32_to_Int32_xbip_pipe_v3_0_3_viv__parameterized27_22\ [\floating_point_Float32_to_Int32...]
Compiling architecture structure of entity xil_defaultlib.\floating_point_Float32_to_Int32_delay__parameterized12\ [\floating_point_Float32_to_Int32...]
Compiling architecture lut4_v of entity unisim.LUT4 [\LUT4(init="0000000011100010")(0...]
Compiling architecture structure of entity xil_defaultlib.\floating_point_Float32_to_Int32_xbip_pipe_v3_0_3_viv__parameterized27_21\ [\floating_point_Float32_to_Int32...]
Compiling architecture structure of entity xil_defaultlib.\floating_point_Float32_to_Int32_delay__parameterized12_15\ [\floating_point_Float32_to_Int32...]
Compiling architecture structure of entity xil_defaultlib.\floating_point_Float32_to_Int32_xbip_pipe_v3_0_3_viv__parameterized23_20\ [\floating_point_Float32_to_Int32...]
Compiling architecture structure of entity xil_defaultlib.\floating_point_Float32_to_Int32_delay__parameterized10_16\ [\floating_point_Float32_to_Int32...]
Compiling architecture lut4_v of entity unisim.LUT4 [\LUT4(init="0110010110101010")(0...]
Compiling architecture structure of entity xil_defaultlib.\floating_point_Float32_to_Int32_xbip_pipe_v3_0_3_viv__parameterized27\ [\floating_point_Float32_to_Int32...]
Compiling architecture structure of entity xil_defaultlib.\floating_point_Float32_to_Int32_delay__parameterized12_17\ [\floating_point_Float32_to_Int32...]
Compiling architecture structure of entity xil_defaultlib.\floating_point_Float32_to_Int32_xbip_pipe_v3_0_3_viv__parameterized25_19\ [\floating_point_Float32_to_Int32...]
Compiling architecture structure of entity xil_defaultlib.\floating_point_Float32_to_Int32_delay__parameterized11_18\ [\floating_point_Float32_to_Int32...]
Compiling architecture lut5_v of entity unisim.LUT5 [\LUT5(init="00110000101110110011...]
Compiling architecture structure of entity xil_defaultlib.floating_point_Float32_to_Int32_shift_msb_first [floating_point_float32_to_int32_...]
Compiling architecture lut6_v of entity unisim.LUT6 [\LUT6(init="11111111101010101010...]
Compiling architecture lut6_v of entity unisim.LUT6 [\LUT6(init="00001000111100000000...]
Compiling architecture structure of entity xil_defaultlib.\floating_point_Float32_to_Int32_carry_chain__parameterized0\ [\floating_point_Float32_to_Int32...]
Compiling architecture structure of entity xil_defaultlib.\floating_point_Float32_to_Int32_compare_eq_im__parameterized0\ [\floating_point_Float32_to_Int32...]
Compiling architecture lut6_v of entity unisim.LUT6 [\LUT6(init="11111010101011101010...]
Compiling architecture structure of entity xil_defaultlib.\floating_point_Float32_to_Int32_xbip_pipe_v3_0_3_viv__parameterized21_14\ [\floating_point_Float32_to_Int32...]
Compiling architecture structure of entity xil_defaultlib.\floating_point_Float32_to_Int32_delay__parameterized9\ [\floating_point_Float32_to_Int32...]
Compiling architecture structure of entity xil_defaultlib.\floating_point_Float32_to_Int32_xbip_pipe_v3_0_3_viv__parameterized21_13\ [\floating_point_Float32_to_Int32...]
Compiling architecture structure of entity xil_defaultlib.\floating_point_Float32_to_Int32_delay__parameterized9_11\ [\floating_point_Float32_to_Int32...]
Compiling architecture structure of entity xil_defaultlib.\floating_point_Float32_to_Int32_xbip_pipe_v3_0_3_viv__parameterized23\ [\floating_point_Float32_to_Int32...]
Compiling architecture structure of entity xil_defaultlib.\floating_point_Float32_to_Int32_delay__parameterized10\ [\floating_point_Float32_to_Int32...]
Compiling architecture structure of entity xil_defaultlib.\floating_point_Float32_to_Int32_xbip_pipe_v3_0_3_viv__parameterized21\ [\floating_point_Float32_to_Int32...]
Compiling architecture structure of entity xil_defaultlib.\floating_point_Float32_to_Int32_delay__parameterized9_12\ [\floating_point_Float32_to_Int32...]
Compiling architecture muxf7_v of entity unisim.MUXF7 [muxf7_default]
Compiling architecture muxf8_v of entity unisim.MUXF8 [muxf8_default]
Compiling architecture structure of entity xil_defaultlib.\floating_point_Float32_to_Int32_xbip_pipe_v3_0_3_viv__parameterized25\ [\floating_point_Float32_to_Int32...]
Compiling architecture structure of entity xil_defaultlib.\floating_point_Float32_to_Int32_delay__parameterized11\ [\floating_point_Float32_to_Int32...]
Compiling architecture structure of entity xil_defaultlib.floating_point_Float32_to_Int32_zero_det_sel [floating_point_float32_to_int32_...]
Compiling architecture structure of entity xil_defaultlib.\floating_point_Float32_to_Int32_xbip_pipe_v3_0_3_viv__parameterized1_10\ [\floating_point_Float32_to_Int32...]
Compiling architecture structure of entity xil_defaultlib.floating_point_Float32_to_Int32_delay [floating_point_float32_to_int32_...]
Compiling architecture lut3_v of entity unisim.LUT3 [\LUT3(init="00101010")(0,7)\]
Compiling architecture lut3_v of entity unisim.LUT3 [\LUT3(init="00001000")(0,7)\]
Compiling architecture structure of entity xil_defaultlib.\floating_point_Float32_to_Int32_xbip_pipe_v3_0_3_viv__parameterized9_9\ [\floating_point_Float32_to_Int32...]
Compiling architecture structure of entity xil_defaultlib.\floating_point_Float32_to_Int32_delay__parameterized3\ [\floating_point_Float32_to_Int32...]
Compiling architecture lut5_v of entity unisim.LUT5 [\LUT5(init="11111111111111111011...]
Compiling architecture lut4_v of entity unisim.LUT4 [\LUT4(init="0000001000001010")(0...]
Compiling architecture structure of entity xil_defaultlib.\floating_point_Float32_to_Int32_xbip_pipe_v3_0_3_viv__parameterized9\ [\floating_point_Float32_to_Int32...]
Compiling architecture structure of entity xil_defaultlib.\floating_point_Float32_to_Int32_delay__parameterized3_8\ [\floating_point_Float32_to_Int32...]
Compiling architecture structure of entity xil_defaultlib.floating_point_Float32_to_Int32_special_detect [floating_point_float32_to_int32_...]
Compiling architecture structure of entity xil_defaultlib.\floating_point_Float32_to_Int32_xbip_pipe_v3_0_3_viv__parameterized1_7\ [\floating_point_Float32_to_Int32...]
Compiling architecture structure of entity xil_defaultlib.floating_point_Float32_to_Int32_delay_0 [floating_point_float32_to_int32_...]
Compiling architecture structure of entity xil_defaultlib.\floating_point_Float32_to_Int32_xbip_pipe_v3_0_3_viv__parameterized15_6\ [\floating_point_Float32_to_Int32...]
Compiling architecture structure of entity xil_defaultlib.\floating_point_Float32_to_Int32_delay__parameterized6\ [\floating_point_Float32_to_Int32...]
Compiling architecture lut4_v of entity unisim.LUT4 [\LUT4(init="0000000000000001")(0...]
Compiling architecture lut5_v of entity unisim.LUT5 [\LUT5(init="00000011000111110001...]
Compiling architecture lut5_v of entity unisim.LUT5 [\LUT5(init="00000101000111110001...]
Compiling architecture structure of entity xil_defaultlib.\floating_point_Float32_to_Int32_xbip_pipe_v3_0_3_viv__parameterized3\ [\floating_point_Float32_to_Int32...]
Compiling architecture structure of entity xil_defaultlib.\floating_point_Float32_to_Int32_delay__parameterized0\ [\floating_point_Float32_to_Int32...]
Compiling architecture structure of entity xil_defaultlib.\floating_point_Float32_to_Int32_xbip_pipe_v3_0_3_viv__parameterized1_5\ [\floating_point_Float32_to_Int32...]
Compiling architecture structure of entity xil_defaultlib.floating_point_Float32_to_Int32_delay_1 [floating_point_float32_to_int32_...]
Compiling architecture structure of entity xil_defaultlib.\floating_point_Float32_to_Int32_xbip_pipe_v3_0_3_viv__parameterized13\ [\floating_point_Float32_to_Int32...]
Compiling architecture structure of entity xil_defaultlib.\floating_point_Float32_to_Int32_delay__parameterized5\ [\floating_point_Float32_to_Int32...]
Compiling architecture structure of entity xil_defaultlib.\floating_point_Float32_to_Int32_xbip_pipe_v3_0_3_viv__parameterized15\ [\floating_point_Float32_to_Int32...]
Compiling architecture structure of entity xil_defaultlib.\floating_point_Float32_to_Int32_delay__parameterized6_2\ [\floating_point_Float32_to_Int32...]
Compiling architecture structure of entity xil_defaultlib.\floating_point_Float32_to_Int32_xbip_pipe_v3_0_3_viv__parameterized35\ [\floating_point_Float32_to_Int32...]
Compiling architecture structure of entity xil_defaultlib.\floating_point_Float32_to_Int32_delay__parameterized17\ [\floating_point_Float32_to_Int32...]
Compiling architecture structure of entity xil_defaultlib.\floating_point_Float32_to_Int32_carry_chain__parameterized1\ [\floating_point_Float32_to_Int32...]
Compiling architecture structure of entity xil_defaultlib.\floating_point_Float32_to_Int32_xbip_pipe_v3_0_3_viv__parameterized31\ [\floating_point_Float32_to_Int32...]
Compiling architecture structure of entity xil_defaultlib.\floating_point_Float32_to_Int32_delay__parameterized15\ [\floating_point_Float32_to_Int32...]
Compiling architecture structure of entity xil_defaultlib.\floating_point_Float32_to_Int32_xbip_pipe_v3_0_3_viv__parameterized1\ [\floating_point_Float32_to_Int32...]
Compiling architecture structure of entity xil_defaultlib.floating_point_Float32_to_Int32_delay_3 [floating_point_float32_to_int32_...]
Compiling architecture structure of entity xil_defaultlib.\floating_point_Float32_to_Int32_xbip_pipe_v3_0_3_viv__parameterized11\ [\floating_point_Float32_to_Int32...]
Compiling architecture structure of entity xil_defaultlib.\floating_point_Float32_to_Int32_delay__parameterized4\ [\floating_point_Float32_to_Int32...]
Compiling architecture structure of entity xil_defaultlib.floating_point_Float32_to_Int32_delay_s_4 [floating_point_float32_to_int32_...]
Compiling architecture lut6_v of entity unisim.LUT6 [\LUT6(init="10101010101010101010...]
Compiling architecture lut6_v of entity unisim.LUT6 [\LUT6(init="11111111000000000000...]
Compiling architecture structure of entity xil_defaultlib.floating_point_Float32_to_Int32_flt_to_fix_conv [floating_point_float32_to_int32_...]
Compiling architecture structure of entity xil_defaultlib.floating_point_Float32_to_Int32_xbip_pipe_v3_0_3_viv [floating_point_float32_to_int32_...]
Compiling architecture lut3_v of entity unisim.LUT3 [\LUT3(init="00010000")(0,7)\]
Compiling architecture lut5_v of entity unisim.LUT5 [\LUT5(init="11111111111111111111...]
Compiling architecture lut3_v of entity unisim.LUT3 [\LUT3(init="01111000")(0,7)\]
Compiling architecture lut3_v of entity unisim.LUT3 [\LUT3(init="10010101")(0,7)\]
Compiling architecture lut4_v of entity unisim.LUT4 [\LUT4(init="1001010101010101")(0...]
Compiling architecture lut5_v of entity unisim.LUT5 [\LUT5(init="01111111111111111000...]
Compiling architecture lut6_v of entity unisim.LUT6 [\LUT6(init="00000000000000000111...]
Compiling architecture lut4_v of entity unisim.LUT4 [\LUT4(init="1110111100010000")(0...]
Compiling architecture lut4_v of entity unisim.LUT4 [\LUT4(init="1110111100000000")(0...]
Compiling architecture lut4_v of entity unisim.LUT4 [\LUT4(init="1111100000000111")(0...]
Compiling architecture structure of entity xil_defaultlib.floating_point_Float32_to_Int32_axi_slave_2to1 [floating_point_float32_to_int32_...]
Compiling architecture structure of entity xil_defaultlib.floating_point_Float32_to_Int32_floating_point_v7_1_4_viv [floating_point_float32_to_int32_...]
Compiling architecture structure of entity xil_defaultlib.floating_point_Float32_to_Int32_floating_point_v7_1_4 [floating_point_float32_to_int32_...]
Compiling architecture structure of entity xil_defaultlib.floating_point_Float32_to_Int32 [floating_point_float32_to_int32_...]
Compiling architecture obuf_v of entity unisim.OBUF [\OBUF(1,9,1,7,1,4)\]
Compiling architecture structure of entity xil_defaultlib.lqr_controller
Built simulation snapshot LQR_Controller_func_synth
