Exception at PC 0x00007FF9FBE89D98
Unable to capture context for thread 7404 in process 1104, can not generate back trace
Unable to capture context for thread 1552 in process 1104, can not generate back trace
Unable to capture context for thread 11876 in process 1104, can not generate back trace
Exception at PC 0x00007FF9FBE89D98
Unable to capture context for thread 7404 in process 1104, can not generate back trace
Unable to capture context for thread 1552 in process 1104, can not generate back trace
Unable to capture context for thread 11876 in process 1104, can not generate back trace
Exception at PC 0x00007FF98766BB93
Printing stacktrace...

Exception at PC 0x00007FF9FBE89D98
Exception at PC 0x00007FF9FBE89D98
Exception at PC 0x00007FF9FBE89D98
Exception at PC 0x00007FF9FBE89D98
Exception at PC 0x00007FF9FBE89D98
Exception at PC 0x00007FF9FBE89D98
Exception at PC 0x00007FF9FBE89D98
Exception at PC 0x00007FF9FBE89D98
Exception at PC 0x00007FF9FBE89D98
Exception at PC 0x00007FF9FBE89D98
Exception at PC 0x00007FF9FBE89D98
Exception at PC 0x00007FF9FBE89D98
Exception at PC 0x00007FF9FBE89D98
Exception at PC 0x00007FF9FBE89D98
Exception at PC 0x00007FF9FBE89D98
Exception at PC 0x00007FF9FBE89D98
[0]  [0x00007FF98766BB93]
[1]  [0x00007FF98766BB93]
[2]  [0x00007FF98766B4A1]
[3]  [0x00007FF98766B3EF]
[4]  [0x00007FF9876519FE]
[5]  [0x00007FF987650ED1]
[6]  [0x00007FF987650D76]
[7]  [0x00007FF9875F79F6]
[8]  [0x00007FF9875E7AFB]
[9]  [0x00007FF98770E90A]
[10]  [0x00007FF987729F87]
[11]  [0x00007FF98772A05F]
[12] (BaseThreadInitThunk+0x14) [0x00007FF9FE222774]
[13] (RtlUserThreadStart+0x21) [0x00007FF9FF320D51]
Done
Exception at PC 0x00007FF987371A52
Attemped to write at address 0x00007FF9C45B9BA4
Printing stacktrace...

[0]  [0x00007FF987371A52]
[1]  [0x00007FF987371A52]
[2]  [0x00007FF987371AD4]
[3]  [0x00007FF9874B3FF7]
[4]  [0x00007FF987399128]
[5]  [0x00007FF98764DFB9]
[6]  [0x00007FF98781EF23]
[7]  [0x00007FF98772B06B]
[8]  [0x00007FF9877208AF]
[9]  [0x00007FF987720A32]
[10] (RtlDeactivateActivationContextUnsafeFast+0x1af) [0x00007FF9FF2D485F]
[11] (LdrShutdownProcess+0x12c) [0x00007FF9FF2FD43C]
[12] (RtlExitUserProcess+0xb4) [0x00007FF9FF2FD2F4]
[13] (FatalExit+0xa) [0x00007FF9FE22C0DA]
[14] (exit+0x75) [0x00007FF9FCD0A045]
[15] (initterm_e+0x21d) [0x00007FF9FCD0A68D]
[16]  [0x00000000004014CD]
[17]  [0x000000000040151B]
[18] (BaseThreadInitThunk+0x14) [0x00007FF9FE222774]
[19] (RtlUserThreadStart+0x21) [0x00007FF9FF320D51]
Done
