Copyright 1986-2017 Xilinx, Inc. All Rights Reserved.
--------------------------------------------------------------------------------------------------------------------
| Tool Version : Vivado v.2017.1 (lin64) Build 1846317 Fri Apr 14 18:54:47 MDT 2017
| Date         : Sun Dec 10 19:05:14 2017
| Host         : linux-6.ece.iastate.edu running 64-bit Red Hat Enterprise Linux Workstation release 6.9 (Santiago)
| Command      : report_utilization -file Top_Level_utilization_placed.rpt -pb Top_Level_utilization_placed.pb
| Design       : Top_Level
| Device       : 7z010clg400-1
| Design State : Fully Placed
--------------------------------------------------------------------------------------------------------------------

Utilization Design Information

Table of Contents
-----------------
1. Slice Logic
1.1 Summary of Registers by Type
2. Slice Logic Distribution
3. Memory
4. DSP
5. IO and GT Specific
6. Clocking
7. Specific Feature
8. Primitives
9. Black Boxes
10. Instantiated Netlists

1. Slice Logic
--------------

+----------------------------+-------+-------+-----------+-------+
|          Site Type         |  Used | Fixed | Available | Util% |
+----------------------------+-------+-------+-----------+-------+
| Slice LUTs                 |  5679 |     0 |     17600 | 32.27 |
|   LUT as Logic             |  5393 |     0 |     17600 | 30.64 |
|   LUT as Memory            |   286 |     0 |      6000 |  4.77 |
|     LUT as Distributed RAM |     0 |     0 |           |       |
|     LUT as Shift Register  |   286 |     0 |           |       |
| Slice Registers            | 11428 |     0 |     35200 | 32.47 |
|   Register as Flip Flop    | 11428 |     0 |     35200 | 32.47 |
|   Register as Latch        |     0 |     0 |     35200 |  0.00 |
| F7 Muxes                   |     1 |     0 |      8800 |  0.01 |
| F8 Muxes                   |     0 |     0 |      4400 |  0.00 |
+----------------------------+-------+-------+-----------+-------+


1.1 Summary of Registers by Type
--------------------------------

+-------+--------------+-------------+--------------+
| Total | Clock Enable | Synchronous | Asynchronous |
+-------+--------------+-------------+--------------+
| 0     |            _ |           - |            - |
| 0     |            _ |           - |          Set |
| 0     |            _ |           - |        Reset |
| 0     |            _ |         Set |            - |
| 0     |            _ |       Reset |            - |
| 0     |          Yes |           - |            - |
| 0     |          Yes |           - |          Set |
| 0     |          Yes |           - |        Reset |
| 0     |          Yes |         Set |            - |
| 11428 |          Yes |       Reset |            - |
+-------+--------------+-------------+--------------+


2. Slice Logic Distribution
---------------------------

+-------------------------------------------+------+-------+-----------+-------+
|                 Site Type                 | Used | Fixed | Available | Util% |
+-------------------------------------------+------+-------+-----------+-------+
| Slice                                     | 2811 |     0 |      4400 | 63.89 |
|   SLICEL                                  | 1809 |     0 |           |       |
|   SLICEM                                  | 1002 |     0 |           |       |
| LUT as Logic                              | 5393 |     0 |     17600 | 30.64 |
|   using O5 output only                    |    0 |       |           |       |
|   using O6 output only                    | 3646 |       |           |       |
|   using O5 and O6                         | 1747 |       |           |       |
| LUT as Memory                             |  286 |     0 |      6000 |  4.77 |
|   LUT as Distributed RAM                  |    0 |     0 |           |       |
|   LUT as Shift Register                   |  286 |     0 |           |       |
|     using O5 output only                  |   46 |       |           |       |
|     using O6 output only                  |  109 |       |           |       |
|     using O5 and O6                       |  131 |       |           |       |
| LUT Flip Flop Pairs                       | 4215 |     0 |     17600 | 23.95 |
|   fully used LUT-FF pairs                 | 1301 |       |           |       |
|   LUT-FF pairs with one unused LUT output | 2712 |       |           |       |
|   LUT-FF pairs with one unused Flip Flop  | 2057 |       |           |       |
| Unique Control Sets                       |  238 |       |           |       |
+-------------------------------------------+------+-------+-----------+-------+
* Note: Review the Control Sets Report for more information regarding control sets.


3. Memory
---------

+----------------+------+-------+-----------+-------+
|    Site Type   | Used | Fixed | Available | Util% |
+----------------+------+-------+-----------+-------+
| Block RAM Tile |    0 |     0 |        60 |  0.00 |
|   RAMB36/FIFO* |    0 |     0 |        60 |  0.00 |
|   RAMB18       |    0 |     0 |       120 |  0.00 |
+----------------+------+-------+-----------+-------+
* Note: Each Block RAM Tile only has one FIFO logic available and therefore can accommodate only one FIFO36E1 or one FIFO18E1. However, if a FIFO18E1 occupies a Block RAM Tile, that tile can still accommodate a RAMB18E1


4. DSP
------

+----------------+------+-------+-----------+-------+
|    Site Type   | Used | Fixed | Available | Util% |
+----------------+------+-------+-----------+-------+
| DSPs           |   62 |     0 |        80 | 77.50 |
|   DSP48E1 only |   62 |       |           |       |
+----------------+------+-------+-----------+-------+


5. IO and GT Specific
---------------------

+-----------------------------+------+-------+-----------+-------+
|          Site Type          | Used | Fixed | Available | Util% |
+-----------------------------+------+-------+-----------+-------+
| Bonded IOB                  |   16 |    16 |       100 | 16.00 |
|   IOB Master Pads           |    9 |       |           |       |
|   IOB Slave Pads            |    7 |       |           |       |
| Bonded IPADs                |    0 |     0 |         2 |  0.00 |
| Bonded IOPADs               |    0 |     0 |       130 |  0.00 |
| PHY_CONTROL                 |    0 |     0 |         2 |  0.00 |
| PHASER_REF                  |    0 |     0 |         2 |  0.00 |
| OUT_FIFO                    |    0 |     0 |         8 |  0.00 |
| IN_FIFO                     |    0 |     0 |         8 |  0.00 |
| IDELAYCTRL                  |    0 |     0 |         2 |  0.00 |
| IBUFDS                      |    0 |     0 |        96 |  0.00 |
| PHASER_OUT/PHASER_OUT_PHY   |    0 |     0 |         8 |  0.00 |
| PHASER_IN/PHASER_IN_PHY     |    0 |     0 |         8 |  0.00 |
| IDELAYE2/IDELAYE2_FINEDELAY |    0 |     0 |       100 |  0.00 |
| ILOGIC                      |    0 |     0 |       100 |  0.00 |
| OLOGIC                      |    0 |     0 |       100 |  0.00 |
+-----------------------------+------+-------+-----------+-------+


6. Clocking
-----------

+------------+------+-------+-----------+-------+
|  Site Type | Used | Fixed | Available | Util% |
+------------+------+-------+-----------+-------+
| BUFGCTRL   |    2 |     0 |        32 |  6.25 |
| BUFIO      |    0 |     0 |         8 |  0.00 |
| MMCME2_ADV |    0 |     0 |         2 |  0.00 |
| PLLE2_ADV  |    0 |     0 |         2 |  0.00 |
| BUFMRCE    |    0 |     0 |         4 |  0.00 |
| BUFHCE     |    0 |     0 |        48 |  0.00 |
| BUFR       |    0 |     0 |         8 |  0.00 |
+------------+------+-------+-----------+-------+


7. Specific Feature
-------------------

+-------------+------+-------+-----------+-------+
|  Site Type  | Used | Fixed | Available | Util% |
+-------------+------+-------+-----------+-------+
| BSCANE2     |    0 |     0 |         4 |  0.00 |
| CAPTUREE2   |    0 |     0 |         1 |  0.00 |
| DNA_PORT    |    0 |     0 |         1 |  0.00 |
| EFUSE_USR   |    0 |     0 |         1 |  0.00 |
| FRAME_ECCE2 |    0 |     0 |         1 |  0.00 |
| ICAPE2      |    0 |     0 |         2 |  0.00 |
| STARTUPE2   |    0 |     0 |         1 |  0.00 |
| XADC        |    0 |     0 |         1 |  0.00 |
+-------------+------+-------+-----------+-------+


8. Primitives
-------------

+----------+-------+---------------------+
| Ref Name |  Used | Functional Category |
+----------+-------+---------------------+
| FDRE     | 11428 |        Flop & Latch |
| LUT3     |  3259 |                 LUT |
| LUT2     |  1252 |                 LUT |
| LUT4     |  1050 |                 LUT |
| LUT6     |   864 |                 LUT |
| CARRY4   |   599 |          CarryLogic |
| LUT5     |   597 |                 LUT |
| SRL16E   |   417 |  Distributed Memory |
| LUT1     |   118 |                 LUT |
| DSP48E1  |    62 |    Block Arithmetic |
| OBUF     |    11 |                  IO |
| IBUF     |     5 |                  IO |
| BUFG     |     2 |               Clock |
| MUXF7    |     1 |               MuxFx |
+----------+-------+---------------------+


9. Black Boxes
--------------

+----------+------+
| Ref Name | Used |
+----------+------+


10. Instantiated Netlists
-------------------------

+---------------------------------+------+
|             Ref Name            | Used |
+---------------------------------+------+
| floating_point_Multiplication   |   18 |
| floating_point_Addition         |   13 |
| floating_point_Int32_to_Float32 |    2 |
| floating_point_Float32_to_Int32 |    1 |
+---------------------------------+------+


